[2015.10.22-20.45.39:963][  0]Log file open, 10/22/15 21:45:39
[2015.10.22-20.45.39:963][  0]LogInit:Display: Running engine without a game
[2015.10.22-20.45.39:963][  0]LogInit:Display: Loading recent project file: ../../../../../GranTurisClone/SpeedUnlimited/SpeedUnlimited.uproject
[2015.10.22-20.45.39:963][  0]LogInit:Display: RandInit(1564933475) SRandInit(1564933478).
[2015.10.22-20.45.39:963][  0]LogTaskGraph: Started task graph with 4 named threads and 7 total threads.
[2015.10.22-20.45.39:963][  0]LogStats: Stats thread started at 0.018450
[2015.10.22-20.45.39:963][  0]LogInit: Version: 4.9.2-0+++depot+UE4-Releases+4.9
[2015.10.22-20.45.39:963][  0]LogInit: API Version: 0
[2015.10.22-20.45.39:963][  0]LogInit: Compiled (64-bit): Oct 10 2015 18:52:28
[2015.10.22-20.45.39:963][  0]LogInit: Compiled with Clang: 3.5.0 (tags/RELEASE_350/final)
[2015.10.22-20.45.39:963][  0]LogInit: Build Configuration: Development
[2015.10.22-20.45.39:963][  0]LogInit: Branch Name: ++depot+UE4-Releases+4.9
[2015.10.22-20.45.39:963][  0]LogInit: Command line: 
[2015.10.22-20.45.39:963][  0]LogInit: Base directory: /home/cybermidknight/UE4Build/UnrealEngine-release/Engine/Binaries/Linux/
[2015.10.22-20.45.39:963][  0]LogInit: Rocket: 0
[2015.10.22-20.45.39:968][  0]LogInit: Using libcurl 7.38.0
[2015.10.22-20.45.39:968][  0]LogInit:  - built for x86_64-unknown-linux-gnu
[2015.10.22-20.45.39:968][  0]LogInit:  - supports SSL with OpenSSL/1.0.1i
[2015.10.22-20.45.39:968][  0]LogInit:  - supports HTTP deflate (compression) using libz 1.2.5
[2015.10.22-20.45.39:968][  0]LogInit:  - other features:
[2015.10.22-20.45.39:968][  0]LogInit:      CURL_VERSION_SSL
[2015.10.22-20.45.39:968][  0]LogInit:      CURL_VERSION_LIBZ
[2015.10.22-20.45.39:968][  0]LogInit:      CURL_VERSION_IPV6
[2015.10.22-20.45.39:968][  0]LogInit:      CURL_VERSION_ASYNCHDNS
[2015.10.22-20.45.39:968][  0]LogInit:      CURL_VERSION_LARGEFILE
[2015.10.22-20.45.39:968][  0]LogInit:      CURL_VERSION_TLSAUTH_SRP
[2015.10.22-20.45.39:968][  0]LogInit:  Libcurl: checking if '/etc/pki/tls/certs/ca-bundle.crt' exists
[2015.10.22-20.45.39:969][  0]LogInit:  Libcurl: checking if '/etc/ssl/certs/ca-certificates.crt' exists
[2015.10.22-20.45.39:969][  0]LogInit:  CurlRequestOptions (configurable via config and command line):
[2015.10.22-20.45.39:969][  0]LogInit:  - bVerifyPeer = true  - Libcurl will verify peer certificate
[2015.10.22-20.45.39:969][  0]LogInit:  - bUseHttpProxy = false  - Libcurl will NOT use HTTP proxy
[2015.10.22-20.45.39:969][  0]LogInit:  - bDontReuseConnections = false  - Libcurl will reuse connections
[2015.10.22-20.45.39:969][  0]LogInit:  - CertBundlePath = /etc/ssl/certs/ca-certificates.crt  - Libcurl will set CURLOPT_CAINFO to it
[2015.10.22-20.45.40:150][  0]LogInit: Presizing for 0 objects not considered by GC, pre-allocating 0 bytes.
[2015.10.22-20.45.40:156][  0]LogInit: Object subsystem initialized
[2015.10.22-20.45.40:157][  0]LogInit: Selected Device Profile: [Linux]
[2015.10.22-20.45.40:157][  0]LogInit: Applying CVar settings loaded from the selected device profile: [Linux]
[2015.10.22-20.45.40:166][  0]LogInit: Linux hardware info:
[2015.10.22-20.45.40:166][  0]LogInit:  - this process' id (pid) is 10335, parent process' id (ppid) is 2007
[2015.10.22-20.45.40:166][  0]LogInit:  - we are not running under debugger
[2015.10.22-20.45.40:166][  0]LogInit:  - machine network name is 'ApertureLabs'
[2015.10.22-20.45.40:166][  0]LogInit:  - we're logged in locally
[2015.10.22-20.45.40:166][  0]LogInit:  - Number of physical cores available for the process: 4
[2015.10.22-20.45.40:166][  0]LogInit:  - Number of logical cores available for the process: 4
[2015.10.22-20.45.40:166][  0]LogInit:  - Memory allocator used: binned
[2015.10.22-20.45.40:166][  0]LogInit: Linux-specific commandline switches:
[2015.10.22-20.45.40:166][  0]LogInit:  -nodwarf (currently OFF): suppress parsing of DWARF debug info (callstacks will be generated faster, but won't have line numbers)
[2015.10.22-20.45.40:166][  0]LogInit:  -ansimalloc - use malloc()/free() from libc (useful for tools like valgrind and electric fence)
[2015.10.22-20.45.40:166][  0]LogInit:  -jemalloc - use jemalloc for all memory allocation
[2015.10.22-20.45.40:166][  0]LogInit:  -binnedmalloc - use binned malloc  for all memory allocation
[2015.10.22-20.45.40:166][  0]LogInit:  -httpproxy=ADDRESS:PORT - redirects HTTP requests to a proxy (only supported if compiled with libcurl)
[2015.10.22-20.45.40:166][  0]LogInit:  -reuseconn - allow libcurl to reuse HTTP connections (only matters if compiled with libcurl)
[2015.10.22-20.45.40:166][  0]LogInit:  -virtmemkb=NUMBER - sets process virtual memory (address space) limit (overrides VirtualMemoryLimitInKB value from .ini)
[2015.10.22-20.45.40:166][  0]LogInit: Setting LC_NUMERIC to en_US
[2015.10.22-20.45.40:166][  0]LogInit: Initializing SDL.
[2015.10.22-20.45.40:566][  0]LogInit: Initialized SDL 2.0.4 (compiled against 2.0.4)
[2015.10.22-20.45.40:566][  0]LogInit: Display metrics:
[2015.10.22-20.45.40:566][  0]LogInit:   PrimaryDisplayWidth: 3840
[2015.10.22-20.45.40:566][  0]LogInit:   PrimaryDisplayHeight: 2160
[2015.10.22-20.45.40:566][  0]LogInit:   PrimaryDisplayWorkAreaRect:
[2015.10.22-20.45.40:566][  0]LogInit:     Left=0, Top=27, Right=3840, Bottom=2160
[2015.10.22-20.45.40:566][  0]LogInit:   VirtualDisplayRect:
[2015.10.22-20.45.40:566][  0]LogInit:     Left=0, Top=0, Right=7680, Bottom=2160
[2015.10.22-20.45.40:566][  0]LogInit:   TitleSafePaddingSize: X=0.000 Y=0.000
[2015.10.22-20.45.40:566][  0]LogInit:   ActionSafePaddingSize: X=0.000 Y=0.000
[2015.10.22-20.45.40:566][  0]LogInit:   Number of monitors: 2
[2015.10.22-20.45.40:566][  0]LogInit:     Monitor 0
[2015.10.22-20.45.40:566][  0]LogInit:       Name: Acer CB280HK 28"
[2015.10.22-20.45.40:566][  0]LogInit:       ID: display0
[2015.10.22-20.45.40:566][  0]LogInit:       NativeWidth: 3840
[2015.10.22-20.45.40:566][  0]LogInit:       NativeHeight: 2160
[2015.10.22-20.45.40:566][  0]LogInit:       bIsPrimary: true
[2015.10.22-20.45.40:566][  0]LogInit:     Monitor 1
[2015.10.22-20.45.40:566][  0]LogInit:       Name: Acer CB280HK 28"
[2015.10.22-20.45.40:566][  0]LogInit:       ID: display1
[2015.10.22-20.45.40:566][  0]LogInit:       NativeWidth: 3840
[2015.10.22-20.45.40:566][  0]LogInit:       NativeHeight: 2160
[2015.10.22-20.45.40:566][  0]LogInit:       bIsPrimary: false
[2015.10.22-20.45.40:566][  0]LogInit:  - Physical RAM available (not considering process quota): 16 GB (16015 MB, 16399952 KB, 16793550848 bytes)
[2015.10.22-20.45.40:571][  0]LogTextLocalizationManager: No specific translations for ('en-GB') exist, so ('en') translations will be used.
[2015.10.22-20.45.41:509][  0]LogHAL:Error: *** Unable to open small font face for splash screen.
[2015.10.22-20.45.41:509][  0]LogHAL:Error: *** Unable to open normal font face for splash screen.
[2015.10.22-20.45.41:509][  0]LogHAL:Error: *** Unable to open large font face for splash screen.
[2015.10.22-20.45.41:509][  0]LogRHI: Initializing OpenGL RHI
[2015.10.22-20.45.41:509][  0]LogRHI:   GL_VENDOR: NVIDIA Corporation
[2015.10.22-20.45.41:509][  0]LogRHI:   GL_RENDERER: GeForce GTX 780/PCIe/SSE2
[2015.10.22-20.45.41:509][  0]LogRHI:   GL_VERSION: 3.2.0 NVIDIA 340.65
[2015.10.22-20.45.41:510][  0]LogRHI:   GL_SHADING_LANGUAGE_VERSION: 1.50 NVIDIA via Cg compiler
[2015.10.22-20.45.41:510][  0]LogRHI: OpenGL Extensions:
[2015.10.22-20.45.41:510][  0]LogRHI:   GL_AMD_multi_draw_indirect
[2015.10.22-20.45.41:510][  0]LogRHI:   GL_AMD_seamless_cubemap_per_texture
[2015.10.22-20.45.41:510][  0]LogRHI:   GL_ARB_arrays_of_arrays
[2015.10.22-20.45.41:510][  0]LogRHI:   GL_ARB_base_instance
[2015.10.22-20.45.41:510][  0]LogRHI:   GL_ARB_bindless_texture
[2015.10.22-20.45.41:510][  0]LogRHI:   GL_ARB_blend_func_extended
[2015.10.22-20.45.41:510][  0]LogRHI:   GL_ARB_buffer_storage
[2015.10.22-20.45.41:510][  0]LogRHI:   GL_ARB_clear_buffer_object
[2015.10.22-20.45.41:510][  0]LogRHI:   GL_ARB_clear_texture
[2015.10.22-20.45.41:510][  0]LogRHI:   GL_ARB_color_buffer_float
[2015.10.22-20.45.41:510][  0]LogRHI:   GL_ARB_compressed_texture_pixel_storage
[2015.10.22-20.45.41:510][  0]LogRHI:   GL_ARB_conservative_depth
[2015.10.22-20.45.41:510][  0]LogRHI:   GL_ARB_compute_shader
[2015.10.22-20.45.41:510][  0]LogRHI:   GL_ARB_compute_variable_group_size
[2015.10.22-20.45.41:510][  0]LogRHI:   GL_ARB_copy_buffer
[2015.10.22-20.45.41:510][  0]LogRHI:   GL_ARB_copy_image
[2015.10.22-20.45.41:510][  0]LogRHI:   GL_ARB_debug_output
[2015.10.22-20.45.41:510][  0]LogRHI:   GL_ARB_depth_buffer_float
[2015.10.22-20.45.41:510][  0]LogRHI:   GL_ARB_depth_clamp
[2015.10.22-20.45.41:510][  0]LogRHI:   GL_ARB_depth_texture
[2015.10.22-20.45.41:510][  0]LogRHI:   GL_ARB_draw_buffers
[2015.10.22-20.45.41:510][  0]LogRHI:   GL_ARB_draw_buffers_blend
[2015.10.22-20.45.41:510][  0]LogRHI:   GL_ARB_draw_indirect
[2015.10.22-20.45.41:510][  0]LogRHI:   GL_ARB_draw_elements_base_vertex
[2015.10.22-20.45.41:510][  0]LogRHI:   GL_ARB_draw_instanced
[2015.10.22-20.45.41:510][  0]LogRHI:   GL_ARB_enhanced_layouts
[2015.10.22-20.45.41:510][  0]LogRHI:   GL_ARB_ES2_compatibility
[2015.10.22-20.45.41:510][  0]LogRHI:   GL_ARB_ES3_compatibility
[2015.10.22-20.45.41:510][  0]LogRHI:   GL_ARB_explicit_attrib_location
[2015.10.22-20.45.41:510][  0]LogRHI:   GL_ARB_explicit_uniform_location
[2015.10.22-20.45.41:510][  0]LogRHI:   GL_ARB_fragment_coord_conventions
[2015.10.22-20.45.41:510][  0]LogRHI:   GL_ARB_fragment_layer_viewport
[2015.10.22-20.45.41:510][  0]LogRHI:   GL_ARB_fragment_program
[2015.10.22-20.45.41:510][  0]LogRHI:   GL_ARB_fragment_program_shadow
[2015.10.22-20.45.41:510][  0]LogRHI:   GL_ARB_fragment_shader
[2015.10.22-20.45.41:510][  0]LogRHI:   GL_ARB_framebuffer_no_attachments
[2015.10.22-20.45.41:510][  0]LogRHI:   GL_ARB_framebuffer_object
[2015.10.22-20.45.41:510][  0]LogRHI:   GL_ARB_framebuffer_sRGB
[2015.10.22-20.45.41:510][  0]LogRHI:   GL_ARB_geometry_shader4
[2015.10.22-20.45.41:510][  0]LogRHI:   GL_ARB_get_program_binary
[2015.10.22-20.45.41:510][  0]LogRHI:   GL_ARB_gpu_shader5
[2015.10.22-20.45.41:510][  0]LogRHI:   GL_ARB_gpu_shader_fp64
[2015.10.22-20.45.41:510][  0]LogRHI:   GL_ARB_half_float_pixel
[2015.10.22-20.45.41:510][  0]LogRHI:   GL_ARB_half_float_vertex
[2015.10.22-20.45.41:510][  0]LogRHI:   GL_ARB_imaging
[2015.10.22-20.45.41:510][  0]LogRHI:   GL_ARB_indirect_parameters
[2015.10.22-20.45.41:510][  0]LogRHI:   GL_ARB_instanced_arrays
[2015.10.22-20.45.41:510][  0]LogRHI:   GL_ARB_internalformat_query
[2015.10.22-20.45.41:510][  0]LogRHI:   GL_ARB_internalformat_query2
[2015.10.22-20.45.41:510][  0]LogRHI:   GL_ARB_invalidate_subdata
[2015.10.22-20.45.41:510][  0]LogRHI:   GL_ARB_map_buffer_alignment
[2015.10.22-20.45.41:510][  0]LogRHI:   GL_ARB_map_buffer_range
[2015.10.22-20.45.41:510][  0]LogRHI:   GL_ARB_multi_bind
[2015.10.22-20.45.41:510][  0]LogRHI:   GL_ARB_multi_draw_indirect
[2015.10.22-20.45.41:510][  0]LogRHI:   GL_ARB_multisample
[2015.10.22-20.45.41:510][  0]LogRHI:   GL_ARB_multitexture
[2015.10.22-20.45.41:510][  0]LogRHI:   GL_ARB_occlusion_query
[2015.10.22-20.45.41:510][  0]LogRHI:   GL_ARB_occlusion_query2
[2015.10.22-20.45.41:510][  0]LogRHI:   GL_ARB_pixel_buffer_object
[2015.10.22-20.45.41:510][  0]LogRHI:   GL_ARB_point_parameters
[2015.10.22-20.45.41:510][  0]LogRHI:   GL_ARB_point_sprite
[2015.10.22-20.45.41:510][  0]LogRHI:   GL_ARB_program_interface_query
[2015.10.22-20.45.41:510][  0]LogRHI:   GL_ARB_provoking_vertex
[2015.10.22-20.45.41:510][  0]LogRHI:   GL_ARB_robust_buffer_access_behavior
[2015.10.22-20.45.41:510][  0]LogRHI:   GL_ARB_robustness
[2015.10.22-20.45.41:510][  0]LogRHI:   GL_ARB_sample_shading
[2015.10.22-20.45.41:510][  0]LogRHI:   GL_ARB_sampler_objects
[2015.10.22-20.45.41:510][  0]LogRHI:   GL_ARB_seamless_cube_map
[2015.10.22-20.45.41:510][  0]LogRHI:   GL_ARB_seamless_cubemap_per_texture
[2015.10.22-20.45.41:510][  0]LogRHI:   GL_ARB_separate_shader_objects
[2015.10.22-20.45.41:510][  0]LogRHI:   GL_ARB_shader_atomic_counters
[2015.10.22-20.45.41:510][  0]LogRHI:   GL_ARB_shader_bit_encoding
[2015.10.22-20.45.41:510][  0]LogRHI:   GL_ARB_shader_draw_parameters
[2015.10.22-20.45.41:510][  0]LogRHI:   GL_ARB_shader_group_vote
[2015.10.22-20.45.41:510][  0]LogRHI:   GL_ARB_shader_image_load_store
[2015.10.22-20.45.41:510][  0]LogRHI:   GL_ARB_shader_image_size
[2015.10.22-20.45.41:510][  0]LogRHI:   GL_ARB_shader_objects
[2015.10.22-20.45.41:510][  0]LogRHI:   GL_ARB_shader_precision
[2015.10.22-20.45.41:510][  0]LogRHI:   GL_ARB_query_buffer_object
[2015.10.22-20.45.41:510][  0]LogRHI:   GL_ARB_shader_storage_buffer_object
[2015.10.22-20.45.41:510][  0]LogRHI:   GL_ARB_shader_subroutine
[2015.10.22-20.45.41:510][  0]LogRHI:   GL_ARB_shader_texture_lod
[2015.10.22-20.45.41:510][  0]LogRHI:   GL_ARB_shading_language_100
[2015.10.22-20.45.41:510][  0]LogRHI:   GL_ARB_shading_language_420pack
[2015.10.22-20.45.41:510][  0]LogRHI:   GL_ARB_shading_language_include
[2015.10.22-20.45.41:510][  0]LogRHI:   GL_ARB_shading_language_packing
[2015.10.22-20.45.41:510][  0]LogRHI:   GL_ARB_shadow
[2015.10.22-20.45.41:510][  0]LogRHI:   GL_ARB_sparse_texture
[2015.10.22-20.45.41:510][  0]LogRHI:   GL_ARB_stencil_texturing
[2015.10.22-20.45.41:510][  0]LogRHI:   GL_ARB_sync
[2015.10.22-20.45.41:510][  0]LogRHI:   GL_ARB_tessellation_shader
[2015.10.22-20.45.41:510][  0]LogRHI:   GL_ARB_texture_border_clamp
[2015.10.22-20.45.41:510][  0]LogRHI:   GL_ARB_texture_buffer_object
[2015.10.22-20.45.41:510][  0]LogRHI:   GL_ARB_texture_buffer_object_rgb32
[2015.10.22-20.45.41:510][  0]LogRHI:   GL_ARB_texture_buffer_range
[2015.10.22-20.45.41:510][  0]LogRHI:   GL_ARB_texture_compression
[2015.10.22-20.45.41:510][  0]LogRHI:   GL_ARB_texture_compression_bptc
[2015.10.22-20.45.41:510][  0]LogRHI:   GL_ARB_texture_compression_rgtc
[2015.10.22-20.45.41:510][  0]LogRHI:   GL_ARB_texture_cube_map
[2015.10.22-20.45.41:510][  0]LogRHI:   GL_ARB_texture_cube_map_array
[2015.10.22-20.45.41:510][  0]LogRHI:   GL_ARB_texture_env_add
[2015.10.22-20.45.41:510][  0]LogRHI:   GL_ARB_texture_env_combine
[2015.10.22-20.45.41:510][  0]LogRHI:   GL_ARB_texture_env_crossbar
[2015.10.22-20.45.41:510][  0]LogRHI:   GL_ARB_texture_env_dot3
[2015.10.22-20.45.41:510][  0]LogRHI:   GL_ARB_texture_float
[2015.10.22-20.45.41:510][  0]LogRHI:   GL_ARB_texture_gather
[2015.10.22-20.45.41:510][  0]LogRHI:   GL_ARB_texture_mirror_clamp_to_edge
[2015.10.22-20.45.41:510][  0]LogRHI:   GL_ARB_texture_mirrored_repeat
[2015.10.22-20.45.41:510][  0]LogRHI:   GL_ARB_texture_multisample
[2015.10.22-20.45.41:510][  0]LogRHI:   GL_ARB_texture_non_power_of_two
[2015.10.22-20.45.41:510][  0]LogRHI:   GL_ARB_texture_query_levels
[2015.10.22-20.45.41:510][  0]LogRHI:   GL_ARB_texture_query_lod
[2015.10.22-20.45.41:510][  0]LogRHI:   GL_ARB_texture_rectangle
[2015.10.22-20.45.41:510][  0]LogRHI:   GL_ARB_texture_rg
[2015.10.22-20.45.41:510][  0]LogRHI:   GL_ARB_texture_rgb10_a2ui
[2015.10.22-20.45.41:510][  0]LogRHI:   GL_ARB_texture_stencil8
[2015.10.22-20.45.41:510][  0]LogRHI:   GL_ARB_texture_storage
[2015.10.22-20.45.41:510][  0]LogRHI:   GL_ARB_texture_storage_multisample
[2015.10.22-20.45.41:510][  0]LogRHI:   GL_ARB_texture_swizzle
[2015.10.22-20.45.41:510][  0]LogRHI:   GL_ARB_texture_view
[2015.10.22-20.45.41:510][  0]LogRHI:   GL_ARB_timer_query
[2015.10.22-20.45.41:510][  0]LogRHI:   GL_ARB_transform_feedback2
[2015.10.22-20.45.41:510][  0]LogRHI:   GL_ARB_transform_feedback3
[2015.10.22-20.45.41:510][  0]LogRHI:   GL_ARB_transform_feedback_instanced
[2015.10.22-20.45.41:510][  0]LogRHI:   GL_ARB_transpose_matrix
[2015.10.22-20.45.41:510][  0]LogRHI:   GL_ARB_uniform_buffer_object
[2015.10.22-20.45.41:511][  0]LogRHI:   GL_ARB_vertex_array_bgra
[2015.10.22-20.45.41:511][  0]LogRHI:   GL_ARB_vertex_array_object
[2015.10.22-20.45.41:511][  0]LogRHI:   GL_ARB_vertex_attrib_64bit
[2015.10.22-20.45.41:511][  0]LogRHI:   GL_ARB_vertex_attrib_binding
[2015.10.22-20.45.41:511][  0]LogRHI:   GL_ARB_vertex_buffer_object
[2015.10.22-20.45.41:511][  0]LogRHI:   GL_ARB_vertex_program
[2015.10.22-20.45.41:511][  0]LogRHI:   GL_ARB_vertex_shader
[2015.10.22-20.45.41:511][  0]LogRHI:   GL_ARB_vertex_type_10f_11f_11f_rev
[2015.10.22-20.45.41:511][  0]LogRHI:   GL_ARB_vertex_type_2_10_10_10_rev
[2015.10.22-20.45.41:511][  0]LogRHI:   GL_ARB_viewport_array
[2015.10.22-20.45.41:511][  0]LogRHI:   GL_ARB_window_pos
[2015.10.22-20.45.41:511][  0]LogRHI:   GL_ATI_draw_buffers
[2015.10.22-20.45.41:511][  0]LogRHI:   GL_ATI_texture_float
[2015.10.22-20.45.41:511][  0]LogRHI:   GL_ATI_texture_mirror_once
[2015.10.22-20.45.41:511][  0]LogRHI:   GL_S3_s3tc
[2015.10.22-20.45.41:511][  0]LogRHI:   GL_EXT_texture_env_add
[2015.10.22-20.45.41:511][  0]LogRHI:   GL_EXT_abgr
[2015.10.22-20.45.41:511][  0]LogRHI:   GL_EXT_bgra
[2015.10.22-20.45.41:511][  0]LogRHI:   GL_EXT_bindable_uniform
[2015.10.22-20.45.41:511][  0]LogRHI:   GL_EXT_blend_color
[2015.10.22-20.45.41:511][  0]LogRHI:   GL_EXT_blend_equation_separate
[2015.10.22-20.45.41:511][  0]LogRHI:   GL_EXT_blend_func_separate
[2015.10.22-20.45.41:511][  0]LogRHI:   GL_EXT_blend_minmax
[2015.10.22-20.45.41:511][  0]LogRHI:   GL_EXT_blend_subtract
[2015.10.22-20.45.41:511][  0]LogRHI:   GL_EXT_compiled_vertex_array
[2015.10.22-20.45.41:511][  0]LogRHI:   GL_EXT_Cg_shader
[2015.10.22-20.45.41:511][  0]LogRHI:   GL_EXT_depth_bounds_test
[2015.10.22-20.45.41:511][  0]LogRHI:   GL_EXT_direct_state_access
[2015.10.22-20.45.41:511][  0]LogRHI:   GL_EXT_draw_buffers2
[2015.10.22-20.45.41:511][  0]LogRHI:   GL_EXT_draw_instanced
[2015.10.22-20.45.41:511][  0]LogRHI:   GL_EXT_draw_range_elements
[2015.10.22-20.45.41:511][  0]LogRHI:   GL_EXT_fog_coord
[2015.10.22-20.45.41:511][  0]LogRHI:   GL_EXT_framebuffer_blit
[2015.10.22-20.45.41:511][  0]LogRHI:   GL_EXT_framebuffer_multisample
[2015.10.22-20.45.41:511][  0]LogRHI:   GL_EXTX_framebuffer_mixed_formats
[2015.10.22-20.45.41:511][  0]LogRHI:   GL_EXT_framebuffer_multisample_blit_scaled
[2015.10.22-20.45.41:511][  0]LogRHI:   GL_EXT_framebuffer_object
[2015.10.22-20.45.41:511][  0]LogRHI:   GL_EXT_framebuffer_sRGB
[2015.10.22-20.45.41:511][  0]LogRHI:   GL_EXT_geometry_shader4
[2015.10.22-20.45.41:511][  0]LogRHI:   GL_EXT_gpu_program_parameters
[2015.10.22-20.45.41:511][  0]LogRHI:   GL_EXT_gpu_shader4
[2015.10.22-20.45.41:511][  0]LogRHI:   GL_EXT_multi_draw_arrays
[2015.10.22-20.45.41:511][  0]LogRHI:   GL_EXT_packed_depth_stencil
[2015.10.22-20.45.41:511][  0]LogRHI:   GL_EXT_packed_float
[2015.10.22-20.45.41:511][  0]LogRHI:   GL_EXT_packed_pixels
[2015.10.22-20.45.41:511][  0]LogRHI:   GL_EXT_pixel_buffer_object
[2015.10.22-20.45.41:511][  0]LogRHI:   GL_EXT_point_parameters
[2015.10.22-20.45.41:511][  0]LogRHI:   GL_EXT_provoking_vertex
[2015.10.22-20.45.41:511][  0]LogRHI:   GL_EXT_rescale_normal
[2015.10.22-20.45.41:511][  0]LogRHI:   GL_EXT_secondary_color
[2015.10.22-20.45.41:511][  0]LogRHI:   GL_EXT_separate_shader_objects
[2015.10.22-20.45.41:511][  0]LogRHI:   GL_EXT_separate_specular_color
[2015.10.22-20.45.41:511][  0]LogRHI:   GL_EXT_shader_image_load_store
[2015.10.22-20.45.41:511][  0]LogRHI:   GL_EXT_shader_integer_mix
[2015.10.22-20.45.41:511][  0]LogRHI:   GL_EXT_shadow_funcs
[2015.10.22-20.45.41:511][  0]LogRHI:   GL_EXT_stencil_two_side
[2015.10.22-20.45.41:511][  0]LogRHI:   GL_EXT_stencil_wrap
[2015.10.22-20.45.41:511][  0]LogRHI:   GL_EXT_texture3D
[2015.10.22-20.45.41:511][  0]LogRHI:   GL_EXT_texture_array
[2015.10.22-20.45.41:511][  0]LogRHI:   GL_EXT_texture_buffer_object
[2015.10.22-20.45.41:511][  0]LogRHI:   GL_EXT_texture_compression_dxt1
[2015.10.22-20.45.41:511][  0]LogRHI:   GL_EXT_texture_compression_latc
[2015.10.22-20.45.41:511][  0]LogRHI:   GL_EXT_texture_compression_rgtc
[2015.10.22-20.45.41:511][  0]LogRHI:   GL_EXT_texture_compression_s3tc
[2015.10.22-20.45.41:511][  0]LogRHI:   GL_EXT_texture_cube_map
[2015.10.22-20.45.41:511][  0]LogRHI:   GL_EXT_texture_edge_clamp
[2015.10.22-20.45.41:511][  0]LogRHI:   GL_EXT_texture_env_combine
[2015.10.22-20.45.41:511][  0]LogRHI:   GL_EXT_texture_env_dot3
[2015.10.22-20.45.41:511][  0]LogRHI:   GL_EXT_texture_filter_anisotropic
[2015.10.22-20.45.41:511][  0]LogRHI:   GL_EXT_texture_integer
[2015.10.22-20.45.41:511][  0]LogRHI:   GL_EXT_texture_lod
[2015.10.22-20.45.41:511][  0]LogRHI:   GL_EXT_texture_lod_bias
[2015.10.22-20.45.41:511][  0]LogRHI:   GL_EXT_texture_mirror_clamp
[2015.10.22-20.45.41:511][  0]LogRHI:   GL_EXT_texture_object
[2015.10.22-20.45.41:511][  0]LogRHI:   GL_EXT_texture_shared_exponent
[2015.10.22-20.45.41:511][  0]LogRHI:   GL_EXT_texture_sRGB
[2015.10.22-20.45.41:511][  0]LogRHI:   GL_EXT_texture_sRGB_decode
[2015.10.22-20.45.41:511][  0]LogRHI:   GL_EXT_texture_storage
[2015.10.22-20.45.41:511][  0]LogRHI:   GL_EXT_texture_swizzle
[2015.10.22-20.45.41:511][  0]LogRHI:   GL_EXT_timer_query
[2015.10.22-20.45.41:511][  0]LogRHI:   GL_EXT_transform_feedback2
[2015.10.22-20.45.41:511][  0]LogRHI:   GL_EXT_vertex_array
[2015.10.22-20.45.41:511][  0]LogRHI:   GL_EXT_vertex_array_bgra
[2015.10.22-20.45.41:511][  0]LogRHI:   GL_EXT_vertex_attrib_64bit
[2015.10.22-20.45.41:511][  0]LogRHI:   GL_EXT_x11_sync_object
[2015.10.22-20.45.41:511][  0]LogRHI:   GL_EXT_import_sync_object
[2015.10.22-20.45.41:511][  0]LogRHI:   GL_IBM_rasterpos_clip
[2015.10.22-20.45.41:511][  0]LogRHI:   GL_IBM_texture_mirrored_repeat
[2015.10.22-20.45.41:511][  0]LogRHI:   GL_KHR_debug
[2015.10.22-20.45.41:511][  0]LogRHI:   GL_KTX_buffer_region
[2015.10.22-20.45.41:511][  0]LogRHI:   GL_NV_bindless_multi_draw_indirect
[2015.10.22-20.45.41:511][  0]LogRHI:   GL_NV_bindless_multi_draw_indirect_count
[2015.10.22-20.45.41:511][  0]LogRHI:   GL_NV_bindless_texture
[2015.10.22-20.45.41:511][  0]LogRHI:   GL_NV_blend_equation_advanced
[2015.10.22-20.45.41:511][  0]LogRHI:   GL_NV_blend_square
[2015.10.22-20.45.41:511][  0]LogRHI:   GL_NV_compute_program5
[2015.10.22-20.45.41:511][  0]LogRHI:   GL_NV_conditional_render
[2015.10.22-20.45.41:511][  0]LogRHI:   GL_NV_copy_depth_to_color
[2015.10.22-20.45.41:511][  0]LogRHI:   GL_NV_copy_image
[2015.10.22-20.45.41:511][  0]LogRHI:   GL_NV_depth_buffer_float
[2015.10.22-20.45.41:511][  0]LogRHI:   GL_NV_depth_clamp
[2015.10.22-20.45.41:511][  0]LogRHI:   GL_NV_draw_texture
[2015.10.22-20.45.41:511][  0]LogRHI:   GL_NV_ES1_1_compatibility
[2015.10.22-20.45.41:511][  0]LogRHI:   GL_NV_ES3_1_compatibility
[2015.10.22-20.45.41:511][  0]LogRHI:   GL_NV_explicit_multisample
[2015.10.22-20.45.41:511][  0]LogRHI:   GL_NV_fence
[2015.10.22-20.45.41:511][  0]LogRHI:   GL_NV_float_buffer
[2015.10.22-20.45.41:511][  0]LogRHI:   GL_NV_fog_distance
[2015.10.22-20.45.41:511][  0]LogRHI:   GL_NV_fragment_program
[2015.10.22-20.45.41:511][  0]LogRHI:   GL_NV_fragment_program_option
[2015.10.22-20.45.41:511][  0]LogRHI:   GL_NV_fragment_program2
[2015.10.22-20.45.41:511][  0]LogRHI:   GL_NV_framebuffer_multisample_coverage
[2015.10.22-20.45.41:511][  0]LogRHI:   GL_NV_geometry_shader4
[2015.10.22-20.45.41:511][  0]LogRHI:   GL_NV_gpu_program4
[2015.10.22-20.45.41:511][  0]LogRHI:   GL_NV_gpu_program4_1
[2015.10.22-20.45.41:511][  0]LogRHI:   GL_NV_gpu_program5
[2015.10.22-20.45.41:511][  0]LogRHI:   GL_NV_gpu_program5_mem_extended
[2015.10.22-20.45.41:511][  0]LogRHI:   GL_NV_gpu_program_fp64
[2015.10.22-20.45.41:511][  0]LogRHI:   GL_NV_gpu_shader5
[2015.10.22-20.45.41:511][  0]LogRHI:   GL_NV_half_float
[2015.10.22-20.45.41:511][  0]LogRHI:   GL_NV_light_max_exponent
[2015.10.22-20.45.41:511][  0]LogRHI:   GL_NV_multisample_coverage
[2015.10.22-20.45.41:511][  0]LogRHI:   GL_NV_multisample_filter_hint
[2015.10.22-20.45.41:511][  0]LogRHI:   GL_NV_occlusion_query
[2015.10.22-20.45.41:511][  0]LogRHI:   GL_NV_packed_depth_stencil
[2015.10.22-20.45.41:511][  0]LogRHI:   GL_NV_parameter_buffer_object
[2015.10.22-20.45.41:511][  0]LogRHI:   GL_NV_parameter_buffer_object2
[2015.10.22-20.45.41:511][  0]LogRHI:   GL_NV_path_rendering
[2015.10.22-20.45.41:511][  0]LogRHI:   GL_NV_pixel_data_range
[2015.10.22-20.45.41:511][  0]LogRHI:   GL_NV_point_sprite
[2015.10.22-20.45.41:511][  0]LogRHI:   GL_NV_primitive_restart
[2015.10.22-20.45.41:511][  0]LogRHI:   GL_NV_register_combiners
[2015.10.22-20.45.41:511][  0]LogRHI:   GL_NV_register_combiners2
[2015.10.22-20.45.41:511][  0]LogRHI:   GL_NV_shader_atomic_counters
[2015.10.22-20.45.41:511][  0]LogRHI:   GL_NV_shader_atomic_float
[2015.10.22-20.45.41:511][  0]LogRHI:   GL_NV_shader_atomic_int64
[2015.10.22-20.45.41:511][  0]LogRHI:   GL_NV_shader_buffer_load
[2015.10.22-20.45.41:511][  0]LogRHI:   GL_NV_shader_storage_buffer_object
[2015.10.22-20.45.41:511][  0]LogRHI:   GL_NV_texgen_reflection
[2015.10.22-20.45.41:511][  0]LogRHI:   GL_NV_texture_barrier
[2015.10.22-20.45.41:511][  0]LogRHI:   GL_NV_texture_compression_vtc
[2015.10.22-20.45.41:511][  0]LogRHI:   GL_NV_texture_env_combine4
[2015.10.22-20.45.41:511][  0]LogRHI:   GL_NV_texture_expand_normal
[2015.10.22-20.45.41:511][  0]LogRHI:   GL_NV_texture_multisample
[2015.10.22-20.45.41:511][  0]LogRHI:   GL_NV_texture_rectangle
[2015.10.22-20.45.41:511][  0]LogRHI:   GL_NV_texture_shader
[2015.10.22-20.45.41:511][  0]LogRHI:   GL_NV_texture_shader2
[2015.10.22-20.45.41:511][  0]LogRHI:   GL_NV_texture_shader3
[2015.10.22-20.45.41:511][  0]LogRHI:   GL_NV_transform_feedback
[2015.10.22-20.45.41:511][  0]LogRHI:   GL_NV_transform_feedback2
[2015.10.22-20.45.41:511][  0]LogRHI:   GL_NV_vdpau_interop
[2015.10.22-20.45.41:512][  0]LogRHI:   GL_NV_vertex_array_range
[2015.10.22-20.45.41:512][  0]LogRHI:   GL_NV_vertex_array_range2
[2015.10.22-20.45.41:512][  0]LogRHI:   GL_NV_vertex_attrib_integer_64bit
[2015.10.22-20.45.41:512][  0]LogRHI:   GL_NV_vertex_buffer_unified_memory
[2015.10.22-20.45.41:512][  0]LogRHI:   GL_NV_vertex_program
[2015.10.22-20.45.41:512][  0]LogRHI:   GL_NV_vertex_program1_1
[2015.10.22-20.45.41:512][  0]LogRHI:   GL_NV_vertex_program2
[2015.10.22-20.45.41:512][  0]LogRHI:   GL_NV_vertex_program2_option
[2015.10.22-20.45.41:512][  0]LogRHI:   GL_NV_vertex_program3
[2015.10.22-20.45.41:512][  0]LogRHI:   GL_NVX_conditional_render
[2015.10.22-20.45.41:512][  0]LogRHI:   GL_NVX_gpu_memory_info
[2015.10.22-20.45.41:512][  0]LogRHI:   GL_NVX_nvenc_interop
[2015.10.22-20.45.41:512][  0]LogRHI:   GL_NV_shader_thread_group
[2015.10.22-20.45.41:512][  0]LogRHI:   GL_NV_shader_thread_shuffle
[2015.10.22-20.45.41:512][  0]LogRHI:   GL_KHR_blend_equation_advanced
[2015.10.22-20.45.41:512][  0]LogRHI:   GL_SGIS_generate_mipmap
[2015.10.22-20.45.41:512][  0]LogRHI:   GL_SGIS_texture_lod
[2015.10.22-20.45.41:512][  0]LogRHI:   GL_SGIX_depth_texture
[2015.10.22-20.45.41:512][  0]LogRHI:   GL_SGIX_shadow
[2015.10.22-20.45.41:512][  0]LogRHI:   GL_SUN_slice_accum
[2015.10.22-20.45.41:674][  0]LogRHI:   GL_MAX_TEXTURE_SIZE: 16384
[2015.10.22-20.45.41:674][  0]LogRHI:   GL_MAX_CUBE_MAP_TEXTURE_SIZE: 16384
[2015.10.22-20.45.41:674][  0]LogRHI:   GL_MAX_ARRAY_TEXTURE_LAYERS: 2048
[2015.10.22-20.45.41:674][  0]LogRHI:   GL_MAX_3D_TEXTURE_SIZE: 2048
[2015.10.22-20.45.41:674][  0]LogRHI:   GL_MAX_RENDERBUFFER_SIZE: 16384
[2015.10.22-20.45.41:674][  0]LogRHI:   GL_MAX_TEXTURE_IMAGE_UNITS: 32
[2015.10.22-20.45.41:674][  0]LogRHI:   GL_MAX_DRAW_BUFFERS: 8
[2015.10.22-20.45.41:674][  0]LogRHI:   GL_MAX_COLOR_ATTACHMENTS: 8
[2015.10.22-20.45.41:674][  0]LogRHI:   GL_MAX_SAMPLES: 32
[2015.10.22-20.45.41:674][  0]LogRHI:   GL_MAX_COLOR_TEXTURE_SAMPLES: 32
[2015.10.22-20.45.41:674][  0]LogRHI:   GL_MAX_DEPTH_TEXTURE_SAMPLES: 32
[2015.10.22-20.45.41:674][  0]LogRHI:   GL_MAX_INTEGER_SAMPLES: 32
[2015.10.22-20.45.41:674][  0]LogRHI:   GL_MAX_COMBINED_TEXTURE_IMAGE_UNITS: 192
[2015.10.22-20.45.41:674][  0]LogRHI:   GL_MAX_VERTEX_ATTRIBS: 16
[2015.10.22-20.45.41:674][  0]LogRHI:   GL_MAX_TEXTURE_MAX_ANISOTROPY_EXT: 16
[2015.10.22-20.45.41:674][  0]LogRHI: OpenGL MajorVersion = 3, MinorVersion = 2, ShaderPlatform = GLSL_150, FeatureLevel = SM4
[2015.10.22-20.45.41:675][  0]LogRHI: Texture pool is 2150 MB (70% of 3072 MB)
[2015.10.22-20.45.41:675][  0]LogShaderCompilers: Guid format shader working directory is 14 characters bigger than the processId version (../../../../../GranTurisClone/SpeedUnlimited/Intermediate/Shaders/WorkingDirectory/10335/).
[2015.10.22-20.45.41:676][  0]LogShaderCompilers: Cleaned the shader compiler working directory '../../../../../GranTurisClone/SpeedUnlimited/Intermediate/Shaders/tmp/00047B45290A1516002D02A35D7B589A/'.
[2015.10.22-20.45.41:676][  0]LogShaderCompilers:Display: Using Local Shader Compiler.
[2015.10.22-20.45.42:836][  0]LogHAL: FLinuxPlatformProcess::CreateProc: '/usr/bin/mono "/home/cybermidknight/UE4Build/UnrealEngine-release/Engine/Binaries/DotNET/UnrealBuildTool.exe" -validateplatform -allplatforms'
[2015.10.22-20.45.42:839][  0]LogHAL: FLinuxPlatformProcess::CreateProc: spawned child 10359
[2015.10.22-20.45.43:423][  0]LogHAL: Child 10359 is no more running (zombie), Wait()ing immediately.
[2015.10.22-20.45.43:423][  0]LogTemp:Display: Loaded TP AllDesktopTargetPlatform
[2015.10.22-20.45.43:648][  0]LogTemp:Display: Failed to get target platform HTML5TargetPlatform
[2015.10.22-20.45.43:876][  0]LogTemp:Display: Loaded TP LinuxTargetPlatform
[2015.10.22-20.45.44:108][  0]LogTemp:Display: Loaded TP LinuxServerTargetPlatform
[2015.10.22-20.45.44:338][  0]LogTemp:Display: Loaded TP LinuxNoEditorTargetPlatform
[2015.10.22-20.45.44:338][  0]LogTargetPlatformManager:Display: Building Assets For Linux
[2015.10.22-20.45.44:770][  0]LogDerivedDataCache:Display: Max Cache Size: 512 MB
[2015.10.22-20.45.44:811][  0]LogDerivedDataCache: Loaded boot cache 0.04s 78MB ../../../../../GranTurisClone/SpeedUnlimited/DerivedDataCache/Boot.ddc.
[2015.10.22-20.45.44:811][  0]LogDerivedDataCache:Display: Loaded Boot cache: ../../../../../GranTurisClone/SpeedUnlimited/DerivedDataCache/Boot.ddc
[2015.10.22-20.45.44:811][  0]LogDerivedDataCache: FDerivedDataBackendGraph:  Pak pak cache file ../../../../../GranTurisClone/SpeedUnlimited/DerivedDataCache/DDC.ddp not found, will not use a pak cache.
[2015.10.22-20.45.44:811][  0]LogDerivedDataCache: Unable to find inner node Pak for hierarchical cache Hierarchy.
[2015.10.22-20.45.44:812][  0]LogDerivedDataCache: FDerivedDataBackendGraph:  EnginePak pak cache file ../../../Engine/DerivedDataCache/DDC.ddp not found, will not use a pak cache.
[2015.10.22-20.45.44:812][  0]LogDerivedDataCache: Unable to find inner node EnginePak for hierarchical cache Hierarchy.
[2015.10.22-20.45.44:817][  0]LogDerivedDataCache: Using Local data cache path ../../../Engine/DerivedDataCache: Writable
[2015.10.22-20.45.44:817][  0]LogDerivedDataCache: Shared data cache path not found in *engine.ini, will not use an Shared cache.
[2015.10.22-20.45.44:817][  0]LogDerivedDataCache: Unable to find inner node Shared for hierarchical cache Hierarchy.
[2015.10.22-20.45.44:945][  0]LogInit: Selected Device Profile: [Linux]
[2015.10.22-20.45.44:947][  0]LogContentStreaming: Texture pool size is 0.000000MB
[2015.10.22-20.45.45:264][  0]LogMeshUtilities: No automatic mesh reduction module available
[2015.10.22-20.45.45:264][  0]LogMeshUtilities: No automatic mesh merging module available
[2015.10.22-20.45.45:792][  0]LogHAL: Linux SourceCodeAccessSettings: NullSourceCodeAccessor
[2015.10.22-20.45.47:986][  0]LogStats: UGameplayTagsManager::ConstructGameplayTagTree: Construct from data asset -  0.000 s
[2015.10.22-20.45.47:986][  0]LogStats: UGameplayTagsManager::ConstructGameplayTagTree: GameplayTagTreeChangedEvent.Broadcast -  0.000 s
[2015.10.22-20.45.49:377][  0]UdpMessaging: Initializing bridge on interface 0.0.0.0:0 to multicast group 230.0.0.1:6666.
[2015.10.22-20.45.51:813][  0]SourceControl: Info Source control is disabled
[2015.10.22-20.45.51:813][  0]SourceControl: Info Source control is disabled
[2015.10.22-20.45.52:021][  0]LogDesktopPlatform: DesktopPlatformLinux is not using LinuxNativeDialogs.
[2015.10.22-20.45.52:452][  0]SourceControl: Info Source control is disabled
[2015.10.22-20.45.52:661][  0]LogHAL: FLinuxPlatformProcess::CreateProc: '/usr/bin/git version'
[2015.10.22-20.45.52:667][  0]LogHAL: FLinuxPlatformProcess::CreateProc: spawned child 10384
[2015.10.22-20.45.52:675][  0]LogHAL: Child 10384 is no more running (zombie), Wait()ing immediately.
[2015.10.22-20.45.53:175][  0]SourceControl: Info Source control is disabled
[2015.10.22-20.45.53:644][  0]LogAssetRegistry: FAssetRegistry took 0.0003 seconds to start up
[2015.10.22-20.45.55:560][  0]LogObj: 29853 objects as part of root set at end of initial load.
[2015.10.22-20.45.55:560][  0]LogUObjectAllocator: 6049216 out of 0 bytes used by permanent object pool.
[2015.10.22-20.45.56:056][  0]LogEngine: Initializing Engine...
[2015.10.22-20.45.56:799][  0]LogAIModule: Creating AISystem for world NewWorld
[2015.10.22-20.45.56:802][  0]LogALAudio: ALAudio device opened : OpenAL Soft
[2015.10.22-20.45.56:803][  0]LogALAudio: AL_VENDOR      : OpenAL Community
[2015.10.22-20.45.56:803][  0]LogALAudio: AL_RENDERER    : OpenAL Soft
[2015.10.22-20.45.56:803][  0]LogALAudio: AL_VERSION     : 1.1 ALSOFT 1.15.1
[2015.10.22-20.45.56:803][  0]LogALAudio: AL_EXTENSIONS  : AL_EXT_ALAW AL_EXT_DOUBLE AL_EXT_EXPONENT_DISTANCE AL_EXT_FLOAT32 AL_EXT_IMA4 AL_EXT_LINEAR_DISTANCE AL_EXT_MCFORMATS AL_EXT_MULAW AL_EXT_MULAW_MCFORMATS AL_EXT_OFFSET AL_EXT_source_distance_model AL_LOKI_quadriphonic AL_SOFT_buffer_samples AL_SOFT_buffer_sub_data AL_SOFTX_deferred_updates AL_SOFT_direct_channels AL_SOFT_loop_points AL_SOFT_source_latency
[2015.10.22-20.45.56:804][  0]LogInit: FAudioDevice initialized.
[2015.10.22-20.45.56:850][  0]LogDerivedDataCache: Saved boot cache 0.05s 78MB ../../../../../GranTurisClone/SpeedUnlimited/DerivedDataCache/Boot.ddc.
[2015.10.22-20.45.56:935][  0]LogInit: Texture streaming: Enabled
[2015.10.22-20.45.57:252][  0]LogInit: Transaction tracking system initialized
[2015.10.22-20.45.58:945][  0]BlueprintLog: New page: Editor Load
[2015.10.22-20.46.03:157][  0]LocalizationService: Info Localization service is disabled
[2015.10.22-20.46.05:024][  0]LogConsoleResponse:Display: 
[2015.10.22-20.46.05:301][  0]LogFileCache: Scanning file cache for directory '/home/cybermidknight/GranTurisClone/SpeedUnlimited/Content/' took 0.00s
[2015.10.22-20.46.05:301][  0]LogCook:Display: Done creating registry. It took  0.00s.
[2015.10.22-20.46.07:494][  0]SourceControl: Info Source control is disabled
[2015.10.22-20.46.07:494][  0]Cmd: MAP LOAD FILE="../../../../../GranTurisClone/SpeedUnlimited/Content/VehicleAdvBP/Maps/VehicleAdvExampleMap.umap" TEMPLATE=0 SHOWPROGRESS=1 FEATURELEVEL=2
[2015.10.22-20.46.07:495][  0]LightingResults: New page: Lighting Build
[2015.10.22-20.46.07:653][  0]MapCheck: New page: Map Check
[2015.10.22-20.46.07:653][  0]LightingResults: New page: Lighting Build
[2015.10.22-20.46.07:664][  0]LogParticles: Destroying 0 GPU particle simulations for FXSystem 0x0x129440c0
[2015.10.22-20.46.08:388][  0]LogAIModule: Creating AISystem for world VehicleAdvExampleMap
[2015.10.22-20.46.08:403][  0]LogEditorServer: Finished looking for orphan Actors (0.000 secs)
[2015.10.22-20.46.08:403][  0]Cmd: MAP CHECKDEP NOCLEARLOG
[2015.10.22-20.46.08:419][  0]MapCheck: Info Map check complete: 0 Error(s), 0 Warning(s), took 15.829ms to complete.
[2015.10.22-20.46.08:419][  0]LogFileHelpers: Loading map 'VehicleAdvExampleMap' took 0.925
[2015.10.22-20.46.08:818][  0]LogCollectionManager: Loaded 0 collections in 0.000644 seconds
[2015.10.22-20.46.08:827][  0]LogFileCache: Scanning file cache for directory '/home/cybermidknight/GranTurisClone/SpeedUnlimited/Saved/Collections/' took 0.00s
[2015.10.22-20.46.08:827][  0]LogFileCache: Scanning file cache for directory '/home/cybermidknight/GranTurisClone/SpeedUnlimited/Content/Developers/GenericUser/Collections/' took 0.00s
[2015.10.22-20.46.08:827][  0]LogFileCache: Scanning file cache for directory '/home/cybermidknight/GranTurisClone/SpeedUnlimited/Content/Collections/' took 0.00s
[2015.10.22-20.46.08:827][  0]LogContentBrowser: Native class hierarchy populated in 0.0065 seconds. Added 1920 classes and 327 folders.
[2015.10.22-20.46.08:828][  0]LogCollectionManager: Rebuilt the GUID cache for 0 collections in 0.000001 seconds
[2015.10.22-20.46.09:185][  0]LogContentBrowser: Native class hierarchy updated for 'WidgetCarousel' in 0.0003 seconds. Added 0 classes and 0 folders.
[2015.10.22-20.46.09:432][  0]LogContentBrowser: Native class hierarchy updated for 'AddContentDialog' in 0.0002 seconds. Added 0 classes and 0 folders.
[2015.10.22-20.46.09:601][  0]LogContentBrowser: Native class hierarchy updated for 'SceneOutliner' in 0.0003 seconds. Added 1 classes and 0 folders.
[2015.10.22-20.46.09:822][  0]LogCrashTracker: Crashtracker disabled due to settings.
[2015.10.22-20.46.09:828][  0]LogUObjectGlobals:Warning: Failed to find object 'Class None.'
[2015.10.22-20.46.09:843][  0]LogLoad: Full Startup: 31.62 seconds (BP compile: 0.26 seconds)
[2015.10.22-20.46.10:309][  0]LogRenderer: Reallocating scene render targets to support 2428x1288 (Frame:2).
[2015.10.22-20.46.10:604][  0]LogContentStreaming: Texture pool size now 1000 MB
[2015.10.22-20.46.10:635][  1]LogRenderTargetPool:Warning: r.RenderTargetPoolMin exceeded 492/400 MB (ok in editor, bad on fixed memory platform)
[2015.10.22-20.46.10:636][  1]Cmd: UpdateLandscapeEditorData -warnings
[2015.10.22-20.46.10:910][  6]LogAssetRegistry: Asset discovery search completed in 17.2654 seconds
[2015.10.22-20.46.10:910][  6]LogCollectionManager: Rebuilt the object cache for 0 collections in 0.000000 seconds (found 0 objects)
[2015.10.22-20.46.10:910][  6]LogCollectionManager: Fixed up redirectors for 0 collections in 0.000041 seconds (updated 0 objects)
[2015.10.22-20.46.14:282][198]LogPlayLevel: PlayLevel: No blueprints needed recompiling
[2015.10.22-20.46.14:282][198]PIE: New page: PIE session: VehicleAdvExampleMap (22 Oct 2015 22:46:14)
[2015.10.22-20.46.14:283][198]LogPlayLevel: Creating play world package: /Game/VehicleAdvBP/Maps/UEDPIE_0_VehicleAdvExampleMap
[2015.10.22-20.46.14:337][198]LogPlayLevel: PIE: StaticDuplicateObject took: (0.054557s)
[2015.10.22-20.46.14:337][198]LogAIModule: Creating AISystem for world VehicleAdvExampleMap
[2015.10.22-20.46.14:338][198]LogPlayLevel: PIE: World Init took: (0.000428s)
[2015.10.22-20.46.14:338][198]LogPlayLevel: PIE: Created PIE world by copying editor world from /Game/VehicleAdvBP/Maps/VehicleAdvExampleMap.VehicleAdvExampleMap to /Game/VehicleAdvBP/Maps/UEDPIE_0_VehicleAdvExampleMap.VehicleAdvExampleMap (0.055193s)
[2015.10.22-20.46.14:363][198]LogALAudio: ALAudio device opened : OpenAL Soft
[2015.10.22-20.46.14:364][198]LogALAudio: AL_VENDOR      : OpenAL Community
[2015.10.22-20.46.14:364][198]LogALAudio: AL_RENDERER    : OpenAL Soft
[2015.10.22-20.46.14:364][198]LogALAudio: AL_VERSION     : 1.1 ALSOFT 1.15.1
[2015.10.22-20.46.14:364][198]LogALAudio: AL_EXTENSIONS  : AL_EXT_ALAW AL_EXT_DOUBLE AL_EXT_EXPONENT_DISTANCE AL_EXT_FLOAT32 AL_EXT_IMA4 AL_EXT_LINEAR_DISTANCE AL_EXT_MCFORMATS AL_EXT_MULAW AL_EXT_MULAW_MCFORMATS AL_EXT_OFFSET AL_EXT_source_distance_model AL_LOKI_quadriphonic AL_SOFT_buffer_samples AL_SOFT_buffer_sub_data AL_SOFTX_deferred_updates AL_SOFT_direct_channels AL_SOFT_loop_points AL_SOFT_source_latency
[2015.10.22-20.46.14:364][198]LogInit: FAudioDevice initialized.
[2015.10.22-20.46.14:402][198]LogWorld: Game class is 'VehicleAdvGameMode_C'
[2015.10.22-20.46.14:476][198]LogWorld: Bringing World /Game/VehicleAdvBP/Maps/UEDPIE_0_VehicleAdvExampleMap.VehicleAdvExampleMap up for play (max tick rate 0) at 2015.10.22-21.46.14
[2015.10.22-20.46.14:476][198]LogActor:Warning: GameSession /Game/VehicleAdvBP/Maps/UEDPIE_0_VehicleAdvExampleMap.VehicleAdvExampleMap:PersistentLevel.GameSession_0 has natively added scene component(s), but none of them were set as the actor's RootComponent - picking one arbitrarily
[2015.10.22-20.46.14:476][198]LogActor:Warning: GameNetworkManager /Game/VehicleAdvBP/Maps/UEDPIE_0_VehicleAdvExampleMap.VehicleAdvExampleMap:PersistentLevel.GameNetworkManager_0 has natively added scene component(s), but none of them were set as the actor's RootComponent - picking one arbitrarily
[2015.10.22-20.46.14:477][198]LogWorld: Bringing up level for play took: 0.071343
[2015.10.22-20.46.14:480][198]PIE: Info Play in editor start time for /Game/VehicleAdvBP/Maps/UEDPIE_0_VehicleAdvExampleMap 0.196
[2015.10.22-20.46.51:926][700]LogRenderTargetPool:Warning: r.RenderTargetPoolMin exceeded 510/400 MB (ok in editor, bad on fixed memory platform)
[2015.10.22-20.46.52:925][714]LogALAudio: Closing ALAudio device : OpenAL Soft
[2015.10.22-20.46.52:927][714]LogParticles: Destroying 0 GPU particle simulations for FXSystem 0x0x1470fd00
[2015.10.22-20.46.53:992][750]LogPlayLevel: PlayLevel: No blueprints needed recompiling
[2015.10.22-20.46.53:992][750]PIE: New page: PIE session: VehicleAdvExampleMap (22 Oct 2015 22:46:53)
[2015.10.22-20.46.53:992][750]LogPlayLevel: Creating play world package: /Game/VehicleAdvBP/Maps/UEDPIE_0_VehicleAdvExampleMap
[2015.10.22-20.46.54:046][750]LogPlayLevel: PIE: StaticDuplicateObject took: (0.053743s)
[2015.10.22-20.46.54:046][750]LogAIModule: Creating AISystem for world VehicleAdvExampleMap
[2015.10.22-20.46.54:046][750]LogPlayLevel: PIE: World Init took: (0.000453s)
[2015.10.22-20.46.54:046][750]LogPlayLevel: PIE: Created PIE world by copying editor world from /Game/VehicleAdvBP/Maps/VehicleAdvExampleMap.VehicleAdvExampleMap to /Game/VehicleAdvBP/Maps/UEDPIE_0_VehicleAdvExampleMap.VehicleAdvExampleMap (0.054390s)
[2015.10.22-20.46.54:059][750]LogALAudio: ALAudio device opened : OpenAL Soft
[2015.10.22-20.46.54:060][750]LogALAudio: AL_VENDOR      : OpenAL Community
[2015.10.22-20.46.54:060][750]LogALAudio: AL_RENDERER    : OpenAL Soft
[2015.10.22-20.46.54:060][750]LogALAudio: AL_VERSION     : 1.1 ALSOFT 1.15.1
[2015.10.22-20.46.54:060][750]LogALAudio: AL_EXTENSIONS  : AL_EXT_ALAW AL_EXT_DOUBLE AL_EXT_EXPONENT_DISTANCE AL_EXT_FLOAT32 AL_EXT_IMA4 AL_EXT_LINEAR_DISTANCE AL_EXT_MCFORMATS AL_EXT_MULAW AL_EXT_MULAW_MCFORMATS AL_EXT_OFFSET AL_EXT_source_distance_model AL_LOKI_quadriphonic AL_SOFT_buffer_samples AL_SOFT_buffer_sub_data AL_SOFTX_deferred_updates AL_SOFT_direct_channels AL_SOFT_loop_points AL_SOFT_source_latency
[2015.10.22-20.46.54:060][750]LogInit: FAudioDevice initialized.
[2015.10.22-20.46.54:092][750]LogWorld: Game class is 'VehicleAdvGameMode_C'
[2015.10.22-20.46.54:163][750]LogWorld: Bringing World /Game/VehicleAdvBP/Maps/UEDPIE_0_VehicleAdvExampleMap.VehicleAdvExampleMap up for play (max tick rate 0) at 2015.10.22-21.46.54
[2015.10.22-20.46.54:163][750]LogActor:Warning: GameSession /Game/VehicleAdvBP/Maps/UEDPIE_0_VehicleAdvExampleMap.VehicleAdvExampleMap:PersistentLevel.GameSession_1 has natively added scene component(s), but none of them were set as the actor's RootComponent - picking one arbitrarily
[2015.10.22-20.46.54:163][750]LogActor:Warning: GameNetworkManager /Game/VehicleAdvBP/Maps/UEDPIE_0_VehicleAdvExampleMap.VehicleAdvExampleMap:PersistentLevel.GameNetworkManager_1 has natively added scene component(s), but none of them were set as the actor's RootComponent - picking one arbitrarily
[2015.10.22-20.46.54:164][750]LogWorld: Bringing up level for play took: 0.069775
[2015.10.22-20.46.54:166][750]PIE: Info Play in editor start time for /Game/VehicleAdvBP/Maps/UEDPIE_0_VehicleAdvExampleMap 0.176
[2015.10.22-20.46.54:209][751]LogRenderTargetPool:Warning: r.RenderTargetPoolMin exceeded 486/400 MB (ok in editor, bad on fixed memory platform)
[2015.10.22-20.47.42:831][969]LogRenderTargetPool:Warning: r.RenderTargetPoolMin exceeded 486/400 MB (ok in editor, bad on fixed memory platform)
[2015.10.22-20.47.42:920][969]LogALAudio: Closing ALAudio device : OpenAL Soft
[2015.10.22-20.47.42:936][970]LogParticles: Destroying 0 GPU particle simulations for FXSystem 0x0x4e2bdc0
[2015.10.22-20.47.43:324][980]LogPlayLevel: PlayLevel: No blueprints needed recompiling
[2015.10.22-20.47.43:324][980]PIE: New page: PIE session: VehicleAdvExampleMap (22 Oct 2015 22:47:43)
[2015.10.22-20.47.43:324][980]LogPlayLevel: Creating play world package: /Game/VehicleAdvBP/Maps/UEDPIE_0_VehicleAdvExampleMap
[2015.10.22-20.47.43:379][980]LogPlayLevel: PIE: StaticDuplicateObject took: (0.054663s)
[2015.10.22-20.47.43:379][980]LogAIModule: Creating AISystem for world VehicleAdvExampleMap
[2015.10.22-20.47.43:379][980]LogPlayLevel: PIE: World Init took: (0.000396s)
[2015.10.22-20.47.43:379][980]LogPlayLevel: PIE: Created PIE world by copying editor world from /Game/VehicleAdvBP/Maps/VehicleAdvExampleMap.VehicleAdvExampleMap to /Game/VehicleAdvBP/Maps/UEDPIE_0_VehicleAdvExampleMap.VehicleAdvExampleMap (0.055239s)
[2015.10.22-20.47.43:392][980]LogALAudio: ALAudio device opened : OpenAL Soft
[2015.10.22-20.47.43:393][980]LogALAudio: AL_VENDOR      : OpenAL Community
[2015.10.22-20.47.43:393][980]LogALAudio: AL_RENDERER    : OpenAL Soft
[2015.10.22-20.47.43:396][980]LogALAudio: AL_VERSION     : 1.1 ALSOFT 1.15.1
[2015.10.22-20.47.43:396][980]LogALAudio: AL_EXTENSIONS  : AL_EXT_ALAW AL_EXT_DOUBLE AL_EXT_EXPONENT_DISTANCE AL_EXT_FLOAT32 AL_EXT_IMA4 AL_EXT_LINEAR_DISTANCE AL_EXT_MCFORMATS AL_EXT_MULAW AL_EXT_MULAW_MCFORMATS AL_EXT_OFFSET AL_EXT_source_distance_model AL_LOKI_quadriphonic AL_SOFT_buffer_samples AL_SOFT_buffer_sub_data AL_SOFTX_deferred_updates AL_SOFT_direct_channels AL_SOFT_loop_points AL_SOFT_source_latency
[2015.10.22-20.47.43:396][980]LogInit: FAudioDevice initialized.
[2015.10.22-20.47.43:427][980]LogWorld: Game class is 'VehicleAdvGameMode_C'
[2015.10.22-20.47.43:500][980]LogWorld: Bringing World /Game/VehicleAdvBP/Maps/UEDPIE_0_VehicleAdvExampleMap.VehicleAdvExampleMap up for play (max tick rate 0) at 2015.10.22-21.47.43
[2015.10.22-20.47.43:500][980]LogActor:Warning: GameSession /Game/VehicleAdvBP/Maps/UEDPIE_0_VehicleAdvExampleMap.VehicleAdvExampleMap:PersistentLevel.GameSession_2 has natively added scene component(s), but none of them were set as the actor's RootComponent - picking one arbitrarily
[2015.10.22-20.47.43:501][980]LogActor:Warning: GameNetworkManager /Game/VehicleAdvBP/Maps/UEDPIE_0_VehicleAdvExampleMap.VehicleAdvExampleMap:PersistentLevel.GameNetworkManager_2 has natively added scene component(s), but none of them were set as the actor's RootComponent - picking one arbitrarily
[2015.10.22-20.47.43:502][980]LogWorld: Bringing up level for play took: 0.071003
[2015.10.22-20.47.43:504][980]PIE: Info Play in editor start time for /Game/VehicleAdvBP/Maps/UEDPIE_0_VehicleAdvExampleMap 0.181
[2015.10.22-20.47.43:547][981]LogRenderTargetPool:Warning: r.RenderTargetPoolMin exceeded 486/400 MB (ok in editor, bad on fixed memory platform)
[2015.10.22-20.48.47:470][267]LogALAudio: Closing ALAudio device : OpenAL Soft
[2015.10.22-20.48.47:488][268]LogParticles: Destroying 0 GPU particle simulations for FXSystem 0x0x39ae9c0
[2015.10.22-20.50.19:979][696]LogEditorViewport: Clicking on Actor (LMB): StaticMeshActor (Floor2)
[2015.10.22-20.50.20:066][697]LogRenderTargetPool:Warning: r.RenderTargetPoolMin exceeded 528/400 MB (ok in editor, bad on fixed memory platform)
[2015.10.22-20.50.20:954][726]LogPlayLevel: PlayLevel: No blueprints needed recompiling
[2015.10.22-20.50.20:954][726]PIE: New page: PIE session: VehicleAdvExampleMap (22 Oct 2015 22:50:20)
[2015.10.22-20.50.20:954][726]LogPlayLevel: Creating play world package: /Game/VehicleAdvBP/Maps/UEDPIE_0_VehicleAdvExampleMap
[2015.10.22-20.50.21:010][726]LogPlayLevel: PIE: StaticDuplicateObject took: (0.056003s)
[2015.10.22-20.50.21:010][726]LogAIModule: Creating AISystem for world VehicleAdvExampleMap
[2015.10.22-20.50.21:010][726]LogPlayLevel: PIE: World Init took: (0.000499s)
[2015.10.22-20.50.21:011][726]LogPlayLevel: PIE: Created PIE world by copying editor world from /Game/VehicleAdvBP/Maps/VehicleAdvExampleMap.VehicleAdvExampleMap to /Game/VehicleAdvBP/Maps/UEDPIE_0_VehicleAdvExampleMap.VehicleAdvExampleMap (0.056745s)
[2015.10.22-20.50.21:026][726]LogALAudio: ALAudio device opened : OpenAL Soft
[2015.10.22-20.50.21:027][726]LogALAudio: AL_VENDOR      : OpenAL Community
[2015.10.22-20.50.21:027][726]LogALAudio: AL_RENDERER    : OpenAL Soft
[2015.10.22-20.50.21:027][726]LogALAudio: AL_VERSION     : 1.1 ALSOFT 1.15.1
[2015.10.22-20.50.21:027][726]LogALAudio: AL_EXTENSIONS  : AL_EXT_ALAW AL_EXT_DOUBLE AL_EXT_EXPONENT_DISTANCE AL_EXT_FLOAT32 AL_EXT_IMA4 AL_EXT_LINEAR_DISTANCE AL_EXT_MCFORMATS AL_EXT_MULAW AL_EXT_MULAW_MCFORMATS AL_EXT_OFFSET AL_EXT_source_distance_model AL_LOKI_quadriphonic AL_SOFT_buffer_samples AL_SOFT_buffer_sub_data AL_SOFTX_deferred_updates AL_SOFT_direct_channels AL_SOFT_loop_points AL_SOFT_source_latency
[2015.10.22-20.50.21:027][726]LogInit: FAudioDevice initialized.
[2015.10.22-20.50.21:184][726]LogWorld: Game class is 'VehicleAdvGameMode_C'
[2015.10.22-20.50.21:263][726]LogWorld: Bringing World /Game/VehicleAdvBP/Maps/UEDPIE_0_VehicleAdvExampleMap.VehicleAdvExampleMap up for play (max tick rate 0) at 2015.10.22-21.50.21
[2015.10.22-20.50.21:263][726]LogActor:Warning: GameSession /Game/VehicleAdvBP/Maps/UEDPIE_0_VehicleAdvExampleMap.VehicleAdvExampleMap:PersistentLevel.GameSession_3 has natively added scene component(s), but none of them were set as the actor's RootComponent - picking one arbitrarily
[2015.10.22-20.50.21:263][726]LogActor:Warning: GameNetworkManager /Game/VehicleAdvBP/Maps/UEDPIE_0_VehicleAdvExampleMap.VehicleAdvExampleMap:PersistentLevel.GameNetworkManager_3 has natively added scene component(s), but none of them were set as the actor's RootComponent - picking one arbitrarily
[2015.10.22-20.50.21:265][726]LogWorld: Bringing up level for play took: 0.077255
[2015.10.22-20.50.21:267][726]PIE: Info Play in editor start time for /Game/VehicleAdvBP/Maps/UEDPIE_0_VehicleAdvExampleMap 0.312
[2015.10.22-20.53.01:075][181]LogALAudio: Closing ALAudio device : OpenAL Soft
[2015.10.22-20.53.01:106][182]LogParticles: Destroying 0 GPU particle simulations for FXSystem 0x0x1391f580
[2015.10.22-20.53.01:245][184]LogRenderTargetPool:Warning: r.RenderTargetPoolMin exceeded 516/400 MB (ok in editor, bad on fixed memory platform)
[2015.10.22-20.53.03:023][300]LogPlayLevel: PlayLevel: No blueprints needed recompiling
[2015.10.22-20.53.03:023][300]PIE: New page: PIE session: VehicleAdvExampleMap (22 Oct 2015 22:53:03)
[2015.10.22-20.53.03:023][300]LogPlayLevel: Creating play world package: /Game/VehicleAdvBP/Maps/UEDPIE_0_VehicleAdvExampleMap
[2015.10.22-20.53.03:081][300]LogPlayLevel: PIE: StaticDuplicateObject took: (0.057885s)
[2015.10.22-20.53.03:081][300]LogAIModule: Creating AISystem for world VehicleAdvExampleMap
[2015.10.22-20.53.03:081][300]LogPlayLevel: PIE: World Init took: (0.000396s)
[2015.10.22-20.53.03:082][300]LogPlayLevel: PIE: Created PIE world by copying editor world from /Game/VehicleAdvBP/Maps/VehicleAdvExampleMap.VehicleAdvExampleMap to /Game/VehicleAdvBP/Maps/UEDPIE_0_VehicleAdvExampleMap.VehicleAdvExampleMap (0.058515s)
[2015.10.22-20.53.03:095][300]LogALAudio: ALAudio device opened : OpenAL Soft
[2015.10.22-20.53.03:096][300]LogALAudio: AL_VENDOR      : OpenAL Community
[2015.10.22-20.53.03:096][300]LogALAudio: AL_RENDERER    : OpenAL Soft
[2015.10.22-20.53.03:096][300]LogALAudio: AL_VERSION     : 1.1 ALSOFT 1.15.1
[2015.10.22-20.53.03:096][300]LogALAudio: AL_EXTENSIONS  : AL_EXT_ALAW AL_EXT_DOUBLE AL_EXT_EXPONENT_DISTANCE AL_EXT_FLOAT32 AL_EXT_IMA4 AL_EXT_LINEAR_DISTANCE AL_EXT_MCFORMATS AL_EXT_MULAW AL_EXT_MULAW_MCFORMATS AL_EXT_OFFSET AL_EXT_source_distance_model AL_LOKI_quadriphonic AL_SOFT_buffer_samples AL_SOFT_buffer_sub_data AL_SOFTX_deferred_updates AL_SOFT_direct_channels AL_SOFT_loop_points AL_SOFT_source_latency
[2015.10.22-20.53.03:096][300]LogInit: FAudioDevice initialized.
[2015.10.22-20.53.03:248][300]LogWorld: Game class is 'VehicleAdvGameMode_C'
[2015.10.22-20.53.03:320][300]LogWorld: Bringing World /Game/VehicleAdvBP/Maps/UEDPIE_0_VehicleAdvExampleMap.VehicleAdvExampleMap up for play (max tick rate 0) at 2015.10.22-21.53.03
[2015.10.22-20.53.03:320][300]LogActor:Warning: GameSession /Game/VehicleAdvBP/Maps/UEDPIE_0_VehicleAdvExampleMap.VehicleAdvExampleMap:PersistentLevel.GameSession_4 has natively added scene component(s), but none of them were set as the actor's RootComponent - picking one arbitrarily
[2015.10.22-20.53.03:321][300]LogActor:Warning: GameNetworkManager /Game/VehicleAdvBP/Maps/UEDPIE_0_VehicleAdvExampleMap.VehicleAdvExampleMap:PersistentLevel.GameNetworkManager_4 has natively added scene component(s), but none of them were set as the actor's RootComponent - picking one arbitrarily
[2015.10.22-20.53.03:322][300]LogWorld: Bringing up level for play took: 0.070719
[2015.10.22-20.53.03:324][300]PIE: Info Play in editor start time for /Game/VehicleAdvBP/Maps/UEDPIE_0_VehicleAdvExampleMap 0.302
[2015.10.22-20.54.16:274][840]LogALAudio: Closing ALAudio device : OpenAL Soft
[2015.10.22-20.54.16:305][841]LogParticles: Destroying 0 GPU particle simulations for FXSystem 0x0x1391d140
[2015.10.22-20.54.16:405][842]LogRenderTargetPool:Warning: r.RenderTargetPoolMin exceeded 528/400 MB (ok in editor, bad on fixed memory platform)
[2015.10.22-20.54.25:859][411]LogRenderTargetPool:Warning: r.RenderTargetPoolMin exceeded 504/400 MB (ok in editor, bad on fixed memory platform)
[2015.10.22-20.54.26:185][411]LogEditorViewport: Clicking on Actor (LMB): StaticMeshActor (Floor2)
[2015.10.22-20.54.27:809][496]LogPlayLevel: PlayLevel: No blueprints needed recompiling
[2015.10.22-20.54.27:809][496]PIE: New page: PIE session: VehicleAdvExampleMap (22 Oct 2015 22:54:27)
[2015.10.22-20.54.27:809][496]LogPlayLevel: Creating play world package: /Game/VehicleAdvBP/Maps/UEDPIE_0_VehicleAdvExampleMap
[2015.10.22-20.54.27:869][496]LogPlayLevel: PIE: StaticDuplicateObject took: (0.059723s)
[2015.10.22-20.54.27:869][496]LogAIModule: Creating AISystem for world VehicleAdvExampleMap
[2015.10.22-20.54.27:869][496]LogPlayLevel: PIE: World Init took: (0.000430s)
[2015.10.22-20.54.27:870][496]LogPlayLevel: PIE: Created PIE world by copying editor world from /Game/VehicleAdvBP/Maps/VehicleAdvExampleMap.VehicleAdvExampleMap to /Game/VehicleAdvBP/Maps/UEDPIE_0_VehicleAdvExampleMap.VehicleAdvExampleMap (0.060355s)
[2015.10.22-20.54.27:886][496]LogALAudio: ALAudio device opened : OpenAL Soft
[2015.10.22-20.54.27:887][496]LogALAudio: AL_VENDOR      : OpenAL Community
[2015.10.22-20.54.27:887][496]LogALAudio: AL_RENDERER    : OpenAL Soft
[2015.10.22-20.54.27:887][496]LogALAudio: AL_VERSION     : 1.1 ALSOFT 1.15.1
[2015.10.22-20.54.27:887][496]LogALAudio: AL_EXTENSIONS  : AL_EXT_ALAW AL_EXT_DOUBLE AL_EXT_EXPONENT_DISTANCE AL_EXT_FLOAT32 AL_EXT_IMA4 AL_EXT_LINEAR_DISTANCE AL_EXT_MCFORMATS AL_EXT_MULAW AL_EXT_MULAW_MCFORMATS AL_EXT_OFFSET AL_EXT_source_distance_model AL_LOKI_quadriphonic AL_SOFT_buffer_samples AL_SOFT_buffer_sub_data AL_SOFTX_deferred_updates AL_SOFT_direct_channels AL_SOFT_loop_points AL_SOFT_source_latency
[2015.10.22-20.54.27:887][496]LogInit: FAudioDevice initialized.
[2015.10.22-20.54.28:016][496]LogWorld: Game class is 'VehicleAdvGameMode_C'
[2015.10.22-20.54.28:094][496]LogWorld: Bringing World /Game/VehicleAdvBP/Maps/UEDPIE_0_VehicleAdvExampleMap.VehicleAdvExampleMap up for play (max tick rate 0) at 2015.10.22-21.54.28
[2015.10.22-20.54.28:094][496]LogActor:Warning: GameSession /Game/VehicleAdvBP/Maps/UEDPIE_0_VehicleAdvExampleMap.VehicleAdvExampleMap:PersistentLevel.GameSession_5 has natively added scene component(s), but none of them were set as the actor's RootComponent - picking one arbitrarily
[2015.10.22-20.54.28:094][496]LogActor:Warning: GameNetworkManager /Game/VehicleAdvBP/Maps/UEDPIE_0_VehicleAdvExampleMap.VehicleAdvExampleMap:PersistentLevel.GameNetworkManager_5 has natively added scene component(s), but none of them were set as the actor's RootComponent - picking one arbitrarily
[2015.10.22-20.54.28:096][496]LogWorld: Bringing up level for play took: 0.073541
[2015.10.22-20.54.28:098][496]PIE: Info Play in editor start time for /Game/VehicleAdvBP/Maps/UEDPIE_0_VehicleAdvExampleMap 0.291
[2015.10.22-20.55.17:737][637]LogALAudio: Closing ALAudio device : OpenAL Soft
[2015.10.22-20.55.17:769][638]LogParticles: Destroying 0 GPU particle simulations for FXSystem 0x0x49ee500
[2015.10.22-20.55.17:848][640]LogRenderTargetPool:Warning: r.RenderTargetPoolMin exceeded 516/400 MB (ok in editor, bad on fixed memory platform)
[2015.10.22-20.55.19:239][691]LogPlayLevel: PlayLevel: No blueprints needed recompiling
[2015.10.22-20.55.19:239][691]PIE: New page: PIE session: VehicleAdvExampleMap (22 Oct 2015 22:55:19)
[2015.10.22-20.55.19:239][691]LogPlayLevel: Creating play world package: /Game/VehicleAdvBP/Maps/UEDPIE_0_VehicleAdvExampleMap
[2015.10.22-20.55.19:294][691]LogPlayLevel: PIE: StaticDuplicateObject took: (0.055064s)
[2015.10.22-20.55.19:295][691]LogAIModule: Creating AISystem for world VehicleAdvExampleMap
[2015.10.22-20.55.19:295][691]LogPlayLevel: PIE: World Init took: (0.000726s)
[2015.10.22-20.55.19:295][691]LogPlayLevel: PIE: Created PIE world by copying editor world from /Game/VehicleAdvBP/Maps/VehicleAdvExampleMap.VehicleAdvExampleMap to /Game/VehicleAdvBP/Maps/UEDPIE_0_VehicleAdvExampleMap.VehicleAdvExampleMap (0.056010s)
[2015.10.22-20.55.19:310][691]LogALAudio: ALAudio device opened : OpenAL Soft
[2015.10.22-20.55.19:311][691]LogALAudio: AL_VENDOR      : OpenAL Community
[2015.10.22-20.55.19:311][691]LogALAudio: AL_RENDERER    : OpenAL Soft
[2015.10.22-20.55.19:311][691]LogALAudio: AL_VERSION     : 1.1 ALSOFT 1.15.1
[2015.10.22-20.55.19:311][691]LogALAudio: AL_EXTENSIONS  : AL_EXT_ALAW AL_EXT_DOUBLE AL_EXT_EXPONENT_DISTANCE AL_EXT_FLOAT32 AL_EXT_IMA4 AL_EXT_LINEAR_DISTANCE AL_EXT_MCFORMATS AL_EXT_MULAW AL_EXT_MULAW_MCFORMATS AL_EXT_OFFSET AL_EXT_source_distance_model AL_LOKI_quadriphonic AL_SOFT_buffer_samples AL_SOFT_buffer_sub_data AL_SOFTX_deferred_updates AL_SOFT_direct_channels AL_SOFT_loop_points AL_SOFT_source_latency
[2015.10.22-20.55.19:312][691]LogInit: FAudioDevice initialized.
[2015.10.22-20.55.19:453][691]LogWorld: Game class is 'VehicleAdvGameMode_C'
[2015.10.22-20.55.19:528][691]LogWorld: Bringing World /Game/VehicleAdvBP/Maps/UEDPIE_0_VehicleAdvExampleMap.VehicleAdvExampleMap up for play (max tick rate 0) at 2015.10.22-21.55.19
[2015.10.22-20.55.19:528][691]LogActor:Warning: GameSession /Game/VehicleAdvBP/Maps/UEDPIE_0_VehicleAdvExampleMap.VehicleAdvExampleMap:PersistentLevel.GameSession_6 has natively added scene component(s), but none of them were set as the actor's RootComponent - picking one arbitrarily
[2015.10.22-20.55.19:528][691]LogActor:Warning: GameNetworkManager /Game/VehicleAdvBP/Maps/UEDPIE_0_VehicleAdvExampleMap.VehicleAdvExampleMap:PersistentLevel.GameNetworkManager_6 has natively added scene component(s), but none of them were set as the actor's RootComponent - picking one arbitrarily
[2015.10.22-20.55.19:529][691]LogWorld: Bringing up level for play took: 0.073231
[2015.10.22-20.55.19:532][691]PIE: Info Play in editor start time for /Game/VehicleAdvBP/Maps/UEDPIE_0_VehicleAdvExampleMap 0.291
[2015.10.22-20.57.35:009][397]LogALAudio: Closing ALAudio device : OpenAL Soft
[2015.10.22-20.57.35:041][398]LogParticles: Destroying 0 GPU particle simulations for FXSystem 0x0x14a516c0
[2015.10.22-20.57.35:178][400]LogRenderTargetPool:Warning: r.RenderTargetPoolMin exceeded 516/400 MB (ok in editor, bad on fixed memory platform)
[2015.10.22-20.57.36:515][462]LogPlayLevel: PlayLevel: No blueprints needed recompiling
[2015.10.22-20.57.36:515][462]PIE: New page: PIE session: VehicleAdvExampleMap (22 Oct 2015 22:57:36)
[2015.10.22-20.57.36:515][462]LogPlayLevel: Creating play world package: /Game/VehicleAdvBP/Maps/UEDPIE_0_VehicleAdvExampleMap
[2015.10.22-20.57.36:570][462]LogPlayLevel: PIE: StaticDuplicateObject took: (0.054909s)
[2015.10.22-20.57.36:570][462]LogAIModule: Creating AISystem for world VehicleAdvExampleMap
[2015.10.22-20.57.36:571][462]LogPlayLevel: PIE: World Init took: (0.000530s)
[2015.10.22-20.57.36:571][462]LogPlayLevel: PIE: Created PIE world by copying editor world from /Game/VehicleAdvBP/Maps/VehicleAdvExampleMap.VehicleAdvExampleMap to /Game/VehicleAdvBP/Maps/UEDPIE_0_VehicleAdvExampleMap.VehicleAdvExampleMap (0.055627s)
[2015.10.22-20.57.36:585][462]LogALAudio: ALAudio device opened : OpenAL Soft
[2015.10.22-20.57.36:586][462]LogALAudio: AL_VENDOR      : OpenAL Community
[2015.10.22-20.57.36:586][462]LogALAudio: AL_RENDERER    : OpenAL Soft
[2015.10.22-20.57.36:586][462]LogALAudio: AL_VERSION     : 1.1 ALSOFT 1.15.1
[2015.10.22-20.57.36:586][462]LogALAudio: AL_EXTENSIONS  : AL_EXT_ALAW AL_EXT_DOUBLE AL_EXT_EXPONENT_DISTANCE AL_EXT_FLOAT32 AL_EXT_IMA4 AL_EXT_LINEAR_DISTANCE AL_EXT_MCFORMATS AL_EXT_MULAW AL_EXT_MULAW_MCFORMATS AL_EXT_OFFSET AL_EXT_source_distance_model AL_LOKI_quadriphonic AL_SOFT_buffer_samples AL_SOFT_buffer_sub_data AL_SOFTX_deferred_updates AL_SOFT_direct_channels AL_SOFT_loop_points AL_SOFT_source_latency
[2015.10.22-20.57.36:587][462]LogInit: FAudioDevice initialized.
[2015.10.22-20.57.36:714][462]LogWorld: Game class is 'VehicleAdvGameMode_C'
[2015.10.22-20.57.36:787][462]LogWorld: Bringing World /Game/VehicleAdvBP/Maps/UEDPIE_0_VehicleAdvExampleMap.VehicleAdvExampleMap up for play (max tick rate 0) at 2015.10.22-21.57.36
[2015.10.22-20.57.36:787][462]LogActor:Warning: GameSession /Game/VehicleAdvBP/Maps/UEDPIE_0_VehicleAdvExampleMap.VehicleAdvExampleMap:PersistentLevel.GameSession_7 has natively added scene component(s), but none of them were set as the actor's RootComponent - picking one arbitrarily
[2015.10.22-20.57.36:788][462]LogActor:Warning: GameNetworkManager /Game/VehicleAdvBP/Maps/UEDPIE_0_VehicleAdvExampleMap.VehicleAdvExampleMap:PersistentLevel.GameNetworkManager_7 has natively added scene component(s), but none of them were set as the actor's RootComponent - picking one arbitrarily
[2015.10.22-20.57.36:789][462]LogWorld: Bringing up level for play took: 0.072202
[2015.10.22-20.57.36:791][462]PIE: Info Play in editor start time for /Game/VehicleAdvBP/Maps/UEDPIE_0_VehicleAdvExampleMap 0.277
[2015.10.22-20.58.04:741][639]LogALAudio: Closing ALAudio device : OpenAL Soft
[2015.10.22-20.58.04:772][640]LogParticles: Destroying 0 GPU particle simulations for FXSystem 0x0x49e0400
[2015.10.22-20.58.06:203][709]LogPlayLevel: PlayLevel: No blueprints needed recompiling
[2015.10.22-20.58.06:203][709]PIE: New page: PIE session: VehicleAdvExampleMap (22 Oct 2015 22:58:06)
[2015.10.22-20.58.06:204][709]LogPlayLevel: Creating play world package: /Game/VehicleAdvBP/Maps/UEDPIE_0_VehicleAdvExampleMap
[2015.10.22-20.58.06:259][709]LogPlayLevel: PIE: StaticDuplicateObject took: (0.055580s)
[2015.10.22-20.58.06:259][709]LogAIModule: Creating AISystem for world VehicleAdvExampleMap
[2015.10.22-20.58.06:260][709]LogPlayLevel: PIE: World Init took: (0.000389s)
[2015.10.22-20.58.06:260][709]LogPlayLevel: PIE: Created PIE world by copying editor world from /Game/VehicleAdvBP/Maps/VehicleAdvExampleMap.VehicleAdvExampleMap to /Game/VehicleAdvBP/Maps/UEDPIE_0_VehicleAdvExampleMap.VehicleAdvExampleMap (0.056181s)
[2015.10.22-20.58.06:273][709]LogALAudio: ALAudio device opened : OpenAL Soft
[2015.10.22-20.58.06:274][709]LogALAudio: AL_VENDOR      : OpenAL Community
[2015.10.22-20.58.06:274][709]LogALAudio: AL_RENDERER    : OpenAL Soft
[2015.10.22-20.58.06:274][709]LogALAudio: AL_VERSION     : 1.1 ALSOFT 1.15.1
[2015.10.22-20.58.06:274][709]LogALAudio: AL_EXTENSIONS  : AL_EXT_ALAW AL_EXT_DOUBLE AL_EXT_EXPONENT_DISTANCE AL_EXT_FLOAT32 AL_EXT_IMA4 AL_EXT_LINEAR_DISTANCE AL_EXT_MCFORMATS AL_EXT_MULAW AL_EXT_MULAW_MCFORMATS AL_EXT_OFFSET AL_EXT_source_distance_model AL_LOKI_quadriphonic AL_SOFT_buffer_samples AL_SOFT_buffer_sub_data AL_SOFTX_deferred_updates AL_SOFT_direct_channels AL_SOFT_loop_points AL_SOFT_source_latency
[2015.10.22-20.58.06:274][709]LogInit: FAudioDevice initialized.
[2015.10.22-20.58.06:412][709]LogWorld: Game class is 'VehicleAdvGameMode_C'
[2015.10.22-20.58.06:487][709]LogWorld: Bringing World /Game/VehicleAdvBP/Maps/UEDPIE_0_VehicleAdvExampleMap.VehicleAdvExampleMap up for play (max tick rate 0) at 2015.10.22-21.58.06
[2015.10.22-20.58.06:488][709]LogActor:Warning: GameSession /Game/VehicleAdvBP/Maps/UEDPIE_0_VehicleAdvExampleMap.VehicleAdvExampleMap:PersistentLevel.GameSession_8 has natively added scene component(s), but none of them were set as the actor's RootComponent - picking one arbitrarily
[2015.10.22-20.58.06:488][709]LogActor:Warning: GameNetworkManager /Game/VehicleAdvBP/Maps/UEDPIE_0_VehicleAdvExampleMap.VehicleAdvExampleMap:PersistentLevel.GameNetworkManager_8 has natively added scene component(s), but none of them were set as the actor's RootComponent - picking one arbitrarily
[2015.10.22-20.58.06:489][709]LogWorld: Bringing up level for play took: 0.073492
[2015.10.22-20.58.06:491][709]PIE: Info Play in editor start time for /Game/VehicleAdvBP/Maps/UEDPIE_0_VehicleAdvExampleMap 0.29
[2015.10.22-20.58.41:645][691]LogALAudio: Closing ALAudio device : OpenAL Soft
[2015.10.22-20.58.41:679][691]LogParticles: Destroying 0 GPU particle simulations for FXSystem 0x0x4e37120
[2015.10.22-20.58.42:161][699]LogPlayLevel: PlayLevel: No blueprints needed recompiling
[2015.10.22-20.58.42:161][699]PIE: New page: PIE session: VehicleAdvExampleMap (22 Oct 2015 22:58:42)
[2015.10.22-20.58.42:161][699]LogPlayLevel: Creating play world package: /Game/VehicleAdvBP/Maps/UEDPIE_0_VehicleAdvExampleMap
[2015.10.22-20.58.42:217][699]LogPlayLevel: PIE: StaticDuplicateObject took: (0.055714s)
[2015.10.22-20.58.42:217][699]LogAIModule: Creating AISystem for world VehicleAdvExampleMap
[2015.10.22-20.58.42:217][699]LogPlayLevel: PIE: World Init took: (0.000433s)
[2015.10.22-20.58.42:218][699]LogPlayLevel: PIE: Created PIE world by copying editor world from /Game/VehicleAdvBP/Maps/VehicleAdvExampleMap.VehicleAdvExampleMap to /Game/VehicleAdvBP/Maps/UEDPIE_0_VehicleAdvExampleMap.VehicleAdvExampleMap (0.056369s)
[2015.10.22-20.58.42:232][699]LogALAudio: ALAudio device opened : OpenAL Soft
[2015.10.22-20.58.42:233][699]LogALAudio: AL_VENDOR      : OpenAL Community
[2015.10.22-20.58.42:233][699]LogALAudio: AL_RENDERER    : OpenAL Soft
[2015.10.22-20.58.42:233][699]LogALAudio: AL_VERSION     : 1.1 ALSOFT 1.15.1
[2015.10.22-20.58.42:233][699]LogALAudio: AL_EXTENSIONS  : AL_EXT_ALAW AL_EXT_DOUBLE AL_EXT_EXPONENT_DISTANCE AL_EXT_FLOAT32 AL_EXT_IMA4 AL_EXT_LINEAR_DISTANCE AL_EXT_MCFORMATS AL_EXT_MULAW AL_EXT_MULAW_MCFORMATS AL_EXT_OFFSET AL_EXT_source_distance_model AL_LOKI_quadriphonic AL_SOFT_buffer_samples AL_SOFT_buffer_sub_data AL_SOFTX_deferred_updates AL_SOFT_direct_channels AL_SOFT_loop_points AL_SOFT_source_latency
[2015.10.22-20.58.42:234][699]LogInit: FAudioDevice initialized.
[2015.10.22-20.58.42:381][699]LogWorld: Game class is 'VehicleAdvGameMode_C'
[2015.10.22-20.58.42:456][699]LogWorld: Bringing World /Game/VehicleAdvBP/Maps/UEDPIE_0_VehicleAdvExampleMap.VehicleAdvExampleMap up for play (max tick rate 0) at 2015.10.22-21.58.42
[2015.10.22-20.58.42:456][699]LogActor:Warning: GameSession /Game/VehicleAdvBP/Maps/UEDPIE_0_VehicleAdvExampleMap.VehicleAdvExampleMap:PersistentLevel.GameSession_9 has natively added scene component(s), but none of them were set as the actor's RootComponent - picking one arbitrarily
[2015.10.22-20.58.42:457][699]LogActor:Warning: GameNetworkManager /Game/VehicleAdvBP/Maps/UEDPIE_0_VehicleAdvExampleMap.VehicleAdvExampleMap:PersistentLevel.GameNetworkManager_9 has natively added scene component(s), but none of them were set as the actor's RootComponent - picking one arbitrarily
[2015.10.22-20.58.42:458][699]LogWorld: Bringing up level for play took: 0.073359
[2015.10.22-20.58.42:460][699]PIE: Info Play in editor start time for /Game/VehicleAdvBP/Maps/UEDPIE_0_VehicleAdvExampleMap 0.298
[2015.10.22-20.58.42:504][700]LogRenderTargetPool:Warning: r.RenderTargetPoolMin exceeded 486/400 MB (ok in editor, bad on fixed memory platform)
[2015.10.22-20.59.43:778][514]LogALAudio: Closing ALAudio device : OpenAL Soft
[2015.10.22-20.59.43:810][515]LogParticles: Destroying 0 GPU particle simulations for FXSystem 0x0x13923040
[2015.10.22-20.59.46:151][627]LogPlayLevel: PlayLevel: No blueprints needed recompiling
[2015.10.22-20.59.46:151][627]PIE: New page: PIE session: VehicleAdvExampleMap (22 Oct 2015 22:59:46)
[2015.10.22-20.59.46:151][627]LogPlayLevel: Creating play world package: /Game/VehicleAdvBP/Maps/UEDPIE_0_VehicleAdvExampleMap
[2015.10.22-20.59.46:206][627]LogPlayLevel: PIE: StaticDuplicateObject took: (0.054895s)
[2015.10.22-20.59.46:206][627]LogAIModule: Creating AISystem for world VehicleAdvExampleMap
[2015.10.22-20.59.46:206][627]LogPlayLevel: PIE: World Init took: (0.000380s)
[2015.10.22-20.59.46:207][627]LogPlayLevel: PIE: Created PIE world by copying editor world from /Game/VehicleAdvBP/Maps/VehicleAdvExampleMap.VehicleAdvExampleMap to /Game/VehicleAdvBP/Maps/UEDPIE_0_VehicleAdvExampleMap.VehicleAdvExampleMap (0.055465s)
[2015.10.22-20.59.46:220][627]LogALAudio: ALAudio device opened : OpenAL Soft
[2015.10.22-20.59.46:221][627]LogALAudio: AL_VENDOR      : OpenAL Community
[2015.10.22-20.59.46:221][627]LogALAudio: AL_RENDERER    : OpenAL Soft
[2015.10.22-20.59.46:221][627]LogALAudio: AL_VERSION     : 1.1 ALSOFT 1.15.1
[2015.10.22-20.59.46:221][627]LogALAudio: AL_EXTENSIONS  : AL_EXT_ALAW AL_EXT_DOUBLE AL_EXT_EXPONENT_DISTANCE AL_EXT_FLOAT32 AL_EXT_IMA4 AL_EXT_LINEAR_DISTANCE AL_EXT_MCFORMATS AL_EXT_MULAW AL_EXT_MULAW_MCFORMATS AL_EXT_OFFSET AL_EXT_source_distance_model AL_LOKI_quadriphonic AL_SOFT_buffer_samples AL_SOFT_buffer_sub_data AL_SOFTX_deferred_updates AL_SOFT_direct_channels AL_SOFT_loop_points AL_SOFT_source_latency
[2015.10.22-20.59.46:222][627]LogInit: FAudioDevice initialized.
[2015.10.22-20.59.46:381][627]LogWorld: Game class is 'VehicleAdvGameMode_C'
[2015.10.22-20.59.46:456][627]LogWorld: Bringing World /Game/VehicleAdvBP/Maps/UEDPIE_0_VehicleAdvExampleMap.VehicleAdvExampleMap up for play (max tick rate 0) at 2015.10.22-21.59.46
[2015.10.22-20.59.46:456][627]LogActor:Warning: GameSession /Game/VehicleAdvBP/Maps/UEDPIE_0_VehicleAdvExampleMap.VehicleAdvExampleMap:PersistentLevel.GameSession_10 has natively added scene component(s), but none of them were set as the actor's RootComponent - picking one arbitrarily
[2015.10.22-20.59.46:457][627]LogActor:Warning: GameNetworkManager /Game/VehicleAdvBP/Maps/UEDPIE_0_VehicleAdvExampleMap.VehicleAdvExampleMap:PersistentLevel.GameNetworkManager_10 has natively added scene component(s), but none of them were set as the actor's RootComponent - picking one arbitrarily
[2015.10.22-20.59.46:458][627]LogWorld: Bringing up level for play took: 0.073538
[2015.10.22-20.59.46:460][627]PIE: Info Play in editor start time for /Game/VehicleAdvBP/Maps/UEDPIE_0_VehicleAdvExampleMap 0.31
[2015.10.22-21.00.08:937][ 78]LogALAudio: Closing ALAudio device : OpenAL Soft
[2015.10.22-21.00.08:970][ 79]LogParticles: Destroying 0 GPU particle simulations for FXSystem 0x0x4e36a40
[2015.10.22-21.00.09:077][ 81]LogRenderTargetPool:Warning: r.RenderTargetPoolMin exceeded 516/400 MB (ok in editor, bad on fixed memory platform)
[2015.10.22-21.00.10:622][168]LogPlayLevel: PlayLevel: No blueprints needed recompiling
[2015.10.22-21.00.10:622][168]PIE: New page: PIE session: VehicleAdvExampleMap (22 Oct 2015 23:00:10)
[2015.10.22-21.00.10:622][168]LogPlayLevel: Creating play world package: /Game/VehicleAdvBP/Maps/UEDPIE_0_VehicleAdvExampleMap
[2015.10.22-21.00.10:677][168]LogPlayLevel: PIE: StaticDuplicateObject took: (0.054870s)
[2015.10.22-21.00.10:677][168]LogAIModule: Creating AISystem for world VehicleAdvExampleMap
[2015.10.22-21.00.10:677][168]LogPlayLevel: PIE: World Init took: (0.000404s)
[2015.10.22-21.00.10:677][168]LogPlayLevel: PIE: Created PIE world by copying editor world from /Game/VehicleAdvBP/Maps/VehicleAdvExampleMap.VehicleAdvExampleMap to /Game/VehicleAdvBP/Maps/UEDPIE_0_VehicleAdvExampleMap.VehicleAdvExampleMap (0.055468s)
[2015.10.22-21.00.10:690][168]LogALAudio: ALAudio device opened : OpenAL Soft
[2015.10.22-21.00.10:691][168]LogALAudio: AL_VENDOR      : OpenAL Community
[2015.10.22-21.00.10:692][168]LogALAudio: AL_RENDERER    : OpenAL Soft
[2015.10.22-21.00.10:692][168]LogALAudio: AL_VERSION     : 1.1 ALSOFT 1.15.1
[2015.10.22-21.00.10:692][168]LogALAudio: AL_EXTENSIONS  : AL_EXT_ALAW AL_EXT_DOUBLE AL_EXT_EXPONENT_DISTANCE AL_EXT_FLOAT32 AL_EXT_IMA4 AL_EXT_LINEAR_DISTANCE AL_EXT_MCFORMATS AL_EXT_MULAW AL_EXT_MULAW_MCFORMATS AL_EXT_OFFSET AL_EXT_source_distance_model AL_LOKI_quadriphonic AL_SOFT_buffer_samples AL_SOFT_buffer_sub_data AL_SOFTX_deferred_updates AL_SOFT_direct_channels AL_SOFT_loop_points AL_SOFT_source_latency
[2015.10.22-21.00.10:692][168]LogInit: FAudioDevice initialized.
[2015.10.22-21.00.10:816][168]LogWorld: Game class is 'VehicleAdvGameMode_C'
[2015.10.22-21.00.10:891][168]LogWorld: Bringing World /Game/VehicleAdvBP/Maps/UEDPIE_0_VehicleAdvExampleMap.VehicleAdvExampleMap up for play (max tick rate 0) at 2015.10.22-22.00.10
[2015.10.22-21.00.10:891][168]LogActor:Warning: GameSession /Game/VehicleAdvBP/Maps/UEDPIE_0_VehicleAdvExampleMap.VehicleAdvExampleMap:PersistentLevel.GameSession_11 has natively added scene component(s), but none of them were set as the actor's RootComponent - picking one arbitrarily
[2015.10.22-21.00.10:891][168]LogActor:Warning: GameNetworkManager /Game/VehicleAdvBP/Maps/UEDPIE_0_VehicleAdvExampleMap.VehicleAdvExampleMap:PersistentLevel.GameNetworkManager_11 has natively added scene component(s), but none of them were set as the actor's RootComponent - picking one arbitrarily
[2015.10.22-21.00.10:893][168]LogWorld: Bringing up level for play took: 0.072923
[2015.10.22-21.00.10:895][168]PIE: Info Play in editor start time for /Game/VehicleAdvBP/Maps/UEDPIE_0_VehicleAdvExampleMap 0.271
[2015.10.22-21.01.09:676][926]LogALAudio: Closing ALAudio device : OpenAL Soft
[2015.10.22-21.01.09:708][927]LogParticles: Destroying 0 GPU particle simulations for FXSystem 0x0x13926e20
[2015.10.22-21.01.09:820][929]LogRenderTargetPool:Warning: r.RenderTargetPoolMin exceeded 516/400 MB (ok in editor, bad on fixed memory platform)
[2015.10.22-21.01.24:481][116]LogEditorViewport: Clicking on Actor (LMB): StaticMeshActor (Floor2)
[2015.10.22-21.01.24:527][117]LogRenderTargetPool:Warning: r.RenderTargetPoolMin exceeded 528/400 MB (ok in editor, bad on fixed memory platform)
[2015.10.22-21.01.27:739][325]LogEditorViewport: Clicking on Actor (LMB): StaticMeshActor (AV_straight_full_8)
[2015.10.22-21.01.42:878][249]LogEditorViewport: Clicking on Actor (LMB): BP_Sky_Sphere_C (SkyShereBlueprint)
[2015.10.22-21.01.46:169][480]LogEditorViewport: Clicking on Actor (LMB): BP_Sky_Sphere_C (SkyShereBlueprint)
[2015.10.22-21.01.48:883][658]LogEditorViewport: Clicking on Actor (LMB): BP_Sky_Sphere_C (SkyShereBlueprint)
[2015.10.22-21.01.49:365][685]LogEditorViewport: Clicking on Actor (LMB): BP_Sky_Sphere_C (SkyShereBlueprint)
[2015.10.22-21.01.52:347][875]LogEditorViewport: Clicking on Actor (LMB): Landscape (Landscape)
[2015.10.22-21.01.52:674][880]LogEditorViewport: Clicking on Actor (LMB): BlockingVolume (BlockingVolume9)
[2015.10.22-21.06.11:223][227]LogRenderTargetPool:Warning: r.RenderTargetPoolMin exceeded 516/400 MB (ok in editor, bad on fixed memory platform)
[2015.10.22-21.06.11:912][231]LogRenderTargetPool:Warning: r.RenderTargetPoolMin exceeded 504/400 MB (ok in editor, bad on fixed memory platform)
[2015.10.22-21.06.15:452][423]Cmd: QUIT_EDITOR
[2015.10.22-21.06.15:527][423]LogALAudio: Closing ALAudio device : OpenAL Soft
[2015.10.22-21.06.15:670][423]LogExit: Preparing to exit.
[2015.10.22-21.06.16:461][423]LogExit: Editor shut down
[2015.10.22-21.06.16:461][423]LogExit: Transaction tracking system shut down
[2015.10.22-21.06.16:462][423]LogParticles: Destroying 0 GPU particle simulations for FXSystem 0x0x184c6840
[2015.10.22-21.06.16:464][423]LogParticles: Destroying 0 GPU particle simulations for FXSystem 0x0x1ccdb9c0
[2015.10.22-21.06.16:464][423]LogParticles: Destroying 0 GPU particle simulations for FXSystem 0x0x13ae7780
[2015.10.22-21.06.16:577][423]LogParticles: Destroying 0 GPU particle simulations for FXSystem 0x0x13ae6ec0
[2015.10.22-21.06.16:577][423]LogExit: Object subsystem successfully closed.
[2015.10.22-21.06.16:875][423]LogModuleManager: Shutting down and abandoning module CrashTracker (169)
[2015.10.22-21.06.16:875][423]LogModuleManager: Shutting down and abandoning module SceneOutliner (168)
[2015.10.22-21.06.16:875][423]LogModuleManager: Shutting down and abandoning module SuperSearch (167)
[2015.10.22-21.06.16:875][423]LogModuleManager: Shutting down and abandoning module WidgetCarousel (166)
[2015.10.22-21.06.16:875][423]LogModuleManager: Shutting down and abandoning module AddContentDialog (165)
[2015.10.22-21.06.16:875][423]LogModuleManager: Shutting down and abandoning module EditorWidgets (164)
[2015.10.22-21.06.16:875][423]LogModuleManager: Shutting down and abandoning module CollectionManager (163)
[2015.10.22-21.06.16:876][423]LogModuleManager: Shutting down and abandoning module StatsViewer (162)
[2015.10.22-21.06.16:876][423]LogModuleManager: Shutting down and abandoning module FoliageEdit (161)
[2015.10.22-21.06.16:876][423]LogModuleManager: Shutting down and abandoning module LandscapeEditor (160)
[2015.10.22-21.06.16:876][423]LogModuleManager: Shutting down and abandoning module ActorPickerMode (159)
[2015.10.22-21.06.16:876][423]LogModuleManager: Shutting down and abandoning module GeometryMode (158)
[2015.10.22-21.06.16:876][423]LogModuleManager: Shutting down and abandoning module TextureAlignMode (157)
[2015.10.22-21.06.16:876][423]LogModuleManager: Shutting down and abandoning module BspMode (156)
[2015.10.22-21.06.16:876][423]LogModuleManager: Shutting down and abandoning module PlacementMode (155)
[2015.10.22-21.06.16:876][423]LogModuleManager: Shutting down and abandoning module AutomationWorker (154)
[2015.10.22-21.06.16:876][423]LogModuleManager: Shutting down and abandoning module SmartSnapping (153)
[2015.10.22-21.06.16:876][423]LogModuleManager: Shutting down and abandoning module CharacterAI (152)
[2015.10.22-21.06.16:876][423]LogModuleManager: Shutting down and abandoning module ViewportSnapping (151)
[2015.10.22-21.06.16:876][423]LogModuleManager: Shutting down and abandoning module LogVisualizer (150)
[2015.10.22-21.06.16:876][423]LogModuleManager: Shutting down and abandoning module GameProjectGeneration (149)
[2015.10.22-21.06.16:876][423]LogModuleManager: Shutting down and abandoning module IntroTutorials (148)
[2015.10.22-21.06.16:876][423]LogModuleManager: Shutting down and abandoning module EditorLiveStreaming (147)
[2015.10.22-21.06.16:876][423]LogModuleManager: Shutting down and abandoning module IOSPlatformEditor (146)
[2015.10.22-21.06.16:877][423]LogModuleManager: Shutting down and abandoning module HTML5PlatformEditor (145)
[2015.10.22-21.06.16:877][423]LogModuleManager: Shutting down and abandoning module IOSRuntimeSettings (144)
[2015.10.22-21.06.16:877][423]LogModuleManager: Shutting down and abandoning module MergeActors (143)
[2015.10.22-21.06.16:877][423]LogModuleManager: Shutting down and abandoning module SizeMap (142)
[2015.10.22-21.06.16:877][423]LogModuleManager: Shutting down and abandoning module TreeMap (141)
[2015.10.22-21.06.16:877][423]LogModuleManager: Shutting down and abandoning module ReferenceViewer (140)
[2015.10.22-21.06.16:877][423]LogModuleManager: Shutting down and abandoning module LocalizationService (139)
[2015.10.22-21.06.16:877][423]LogModuleManager: Shutting down and abandoning module LocalizationDashboard (138)
[2015.10.22-21.06.16:877][423]LogModuleManager: Shutting down and abandoning module HardwareTargeting (137)
[2015.10.22-21.06.16:877][423]LogModuleManager: Shutting down and abandoning module DeviceProfileEditor (136)
[2015.10.22-21.06.16:877][423]LogModuleManager: Shutting down and abandoning module UndoHistory (135)
[2015.10.22-21.06.16:877][423]LogModuleManager: Shutting down and abandoning module GameplayTagsEditor (134)
[2015.10.22-21.06.16:877][423]LogModuleManager: Shutting down and abandoning module UserFeedback (133)
[2015.10.22-21.06.16:877][423]LogModuleManager: Shutting down and abandoning module XmlParser (132)
[2015.10.22-21.06.16:877][423]LogModuleManager: Shutting down and abandoning module Blutility (131)
[2015.10.22-21.06.16:877][423]LogModuleManager: Shutting down and abandoning module ProjectTargetPlatformEditor (130)
[2015.10.22-21.06.16:877][423]LogModuleManager: Shutting down and abandoning module ProjectSettingsViewer (129)
[2015.10.22-21.06.16:877][423]LogModuleManager: Shutting down and abandoning module InputBindingEditor (128)
[2015.10.22-21.06.16:877][423]LogModuleManager: Shutting down and abandoning module EditorSettingsViewer (127)
[2015.10.22-21.06.16:877][423]LogModuleManager: Shutting down and abandoning module SettingsEditor (126)
[2015.10.22-21.06.16:877][423]LogModuleManager: Shutting down and abandoning module ProjectLauncher (125)
[2015.10.22-21.06.16:877][423]LogModuleManager: Shutting down and abandoning module SessionFrontend (124)
[2015.10.22-21.06.16:877][423]LogModuleManager: Shutting down and abandoning module ProfilerClient (123)
[2015.10.22-21.06.16:877][423]LogModuleManager: Shutting down and abandoning module TargetDeviceServices (122)
[2015.10.22-21.06.16:877][423]LogModuleManager: Shutting down and abandoning module DeviceManager (121)
[2015.10.22-21.06.16:877][423]LogModuleManager: Shutting down and abandoning module AutomationController (120)
[2015.10.22-21.06.16:877][423]LogModuleManager: Shutting down and abandoning module AutomationWindow (119)
[2015.10.22-21.06.16:877][423]LogModuleManager: Shutting down and abandoning module Layers (118)
[2015.10.22-21.06.16:877][423]LogModuleManager: Shutting down and abandoning module ComponentVisualizers (117)
[2015.10.22-21.06.16:877][423]LogModuleManager: Shutting down and abandoning module DetailCustomizations (116)
[2015.10.22-21.06.16:877][423]LogModuleManager: Shutting down and abandoning module PackagesDialog (115)
[2015.10.22-21.06.16:877][423]LogModuleManager: Shutting down and abandoning module Persona (114)
[2015.10.22-21.06.16:877][423]LogModuleManager: Shutting down and abandoning module Kismet (113)
[2015.10.22-21.06.16:878][423]LogModuleManager: Shutting down and abandoning module GraphEditor (112)
[2015.10.22-21.06.16:878][423]LogModuleManager: Shutting down and abandoning module ClassViewer (111)
[2015.10.22-21.06.16:878][423]LogModuleManager: Shutting down and abandoning module Toolbox (110)
[2015.10.22-21.06.16:878][423]LogModuleManager: Shutting down and abandoning module ModuleUI (109)
[2015.10.22-21.06.16:878][423]LogModuleManager: Shutting down and abandoning module MovieSceneTools (108)
[2015.10.22-21.06.16:878][423]LogModuleManager: Shutting down and abandoning module OutputLog (107)
[2015.10.22-21.06.16:878][423]LogModuleManager: Shutting down and abandoning module GammaUI (106)
[2015.10.22-21.06.16:878][423]LogModuleManager: Shutting down and abandoning module Documentation (105)
[2015.10.22-21.06.16:878][423]LogModuleManager: Shutting down and abandoning module GameLiveStreaming (104)
[2015.10.22-21.06.16:878][423]LogModuleManager: Shutting down and abandoning module StreamingPauseRendering (103)
[2015.10.22-21.06.16:878][423]LogModuleManager: Shutting down and abandoning module AnalyticsET (102)
[2015.10.22-21.06.16:878][423]LogModuleManager: Shutting down and abandoning module Analytics (101)
[2015.10.22-21.06.16:878][423]LogModuleManager: Shutting down and abandoning module AITestSuite (100)
[2015.10.22-21.06.16:878][423]LogModuleManager: Shutting down and abandoning module GameplayDebugger (99)
[2015.10.22-21.06.16:878][423]LogModuleManager: Shutting down and abandoning module AIModule (98)
[2015.10.22-21.06.16:878][423]LogModuleManager: Shutting down and abandoning module ProfilerService (97)
[2015.10.22-21.06.17:115][423]LogModuleManager: Shutting down and abandoning module TaskGraph (96)
[2015.10.22-21.06.17:115][423]LogModuleManager: Shutting down and abandoning module CustomMeshComponent (95)
[2015.10.22-21.06.17:115][423]LogModuleManager: Shutting down and abandoning module ProceduralMeshComponent (94)
[2015.10.22-21.06.17:115][423]LogModuleManager: Shutting down and abandoning module ArchVisCharacter (93)
[2015.10.22-21.06.17:115][423]LogModuleManager: Shutting down and abandoning module CableComponent (92)
[2015.10.22-21.06.17:115][423]LogModuleManager: Shutting down and abandoning module SlateRemote (91)
[2015.10.22-21.06.17:115][423]LogModuleManager: Shutting down and abandoning module PaperTiledImporter (90)
[2015.10.22-21.06.17:115][423]LogModuleManager: Shutting down and abandoning module PaperSpriteSheetImporter (89)
[2015.10.22-21.06.17:115][423]LogModuleManager: Shutting down and abandoning module MeshPaint (88)
[2015.10.22-21.06.17:115][423]LogModuleManager: Shutting down and abandoning module SlateReflector (87)
[2015.10.22-21.06.17:115][423]LogModuleManager: Shutting down and abandoning module LevelEditor (86)
[2015.10.22-21.06.17:116][423]LogModuleManager: Shutting down and abandoning module AssetRegistry (85)
[2015.10.22-21.06.17:214][423]LogModuleManager: Shutting down and abandoning module ContentBrowser (84)
[2015.10.22-21.06.17:215][423]LogModuleManager: Shutting down and abandoning module Paper2DEditor (83)
[2015.10.22-21.06.17:215][423]LogModuleManager: Shutting down and abandoning module GitSourceControl (82)
[2015.10.22-21.06.17:215][423]LogModuleManager: Shutting down and abandoning module PerforceSourceControl (81)
[2015.10.22-21.06.17:215][423]LogModuleManager: Shutting down and abandoning module KDevelopSourceCodeAccess (80)
[2015.10.22-21.06.17:215][423]LogModuleManager: Shutting down and abandoning module UObjectPlugin (79)
[2015.10.22-21.06.17:215][423]LogModuleManager: Shutting down and abandoning module DesktopPlatform (78)
[2015.10.22-21.06.17:215][423]LogModuleManager: Shutting down and abandoning module CodeLiteSourceCodeAccess (77)
[2015.10.22-21.06.17:215][423]LogModuleManager: Shutting down and abandoning module SourceControl (76)
[2015.10.22-21.06.17:215][423]LogModuleManager: Shutting down and abandoning module SubversionSourceControl (75)
[2015.10.22-21.06.17:215][423]LogModuleManager: Shutting down and abandoning module LightPropagationVolumeEditor (74)
[2015.10.22-21.06.17:215][423]LogModuleManager: Shutting down and abandoning module MessagingDebugger (73)
[2015.10.22-21.06.17:215][423]LogModuleManager: Shutting down and abandoning module DirectoryWatcher (72)
[2015.10.22-21.06.17:222][423]LogModuleManager: Shutting down and abandoning module HotReload (71)
[2015.10.22-21.06.17:222][423]LogModuleManager: Shutting down and abandoning module MainFrame (70)
[2015.10.22-21.06.17:222][423]LogModuleManager: Shutting down and abandoning module EpicSurvey (69)
[2015.10.22-21.06.17:222][423]LogModuleManager: Shutting down and abandoning module PluginBrowser (68)
[2015.10.22-21.06.17:222][423]LogModuleManager: Shutting down and abandoning module SpeedTreeImporter (67)
[2015.10.22-21.06.17:222][423]LogModuleManager: Shutting down and abandoning module MediaPlayerEditor (66)
[2015.10.22-21.06.17:222][423]LogModuleManager: Shutting down and abandoning module Paper2D (65)
[2015.10.22-21.06.17:222][423]LogModuleManager: Shutting down and abandoning module NullSourceCodeAccess (64)
[2015.10.22-21.06.17:222][423]LogModuleManager: Shutting down and abandoning module LightPropagationVolumeRuntime (63)
[2015.10.22-21.06.17:222][423]LogModuleManager: Shutting down and abandoning module UdpMessaging (62)
[2015.10.22-21.06.17:322][423]LogModuleManager: Shutting down and abandoning module OnlineBlueprintSupport (61)
[2015.10.22-21.06.17:322][423]LogModuleManager: Shutting down and abandoning module GameplayTasksEditor (60)
[2015.10.22-21.06.17:322][423]LogModuleManager: Shutting down and abandoning module PropertyEditor (59)
[2015.10.22-21.06.17:322][423]LogModuleManager: Shutting down and abandoning module GameplayTags (58)
[2015.10.22-21.06.17:322][423]LogModuleManager: Shutting down and abandoning module BehaviorTreeEditor (57)
[2015.10.22-21.06.17:322][423]LogModuleManager: Shutting down and abandoning module FunctionalTesting (56)
[2015.10.22-21.06.17:322][423]LogModuleManager: Shutting down and abandoning module CollisionAnalyzer (55)
[2015.10.22-21.06.17:322][423]LogModuleManager: Shutting down and abandoning module WorkspaceMenuStructure (54)
[2015.10.22-21.06.17:322][423]LogModuleManager: Shutting down and abandoning module MessageLog (53)
[2015.10.22-21.06.17:322][423]LogModuleManager: Shutting down and abandoning module Sequencer (52)
[2015.10.22-21.06.17:323][423]LogModuleManager: Shutting down and abandoning module AssetTools (51)
[2015.10.22-21.06.17:323][423]LogModuleManager: Shutting down and abandoning module UMGEditor (50)
[2015.10.22-21.06.17:323][423]LogModuleManager: Shutting down and abandoning module UMG (49)
[2015.10.22-21.06.17:323][423]LogModuleManager: Shutting down and abandoning module Slate (48)
[2015.10.22-21.06.17:323][423]LogModuleManager: Shutting down and abandoning module EditorStyle (47)
[2015.10.22-21.06.17:324][423]LogModuleManager: Shutting down and abandoning module SessionServices (46)
[2015.10.22-21.06.17:324][423]LogModuleManager: Shutting down and abandoning module Messaging (45)
[2015.10.22-21.06.17:324][423]LogModuleManager: Shutting down and abandoning module SourceCodeAccess (44)
[2015.10.22-21.06.17:324][423]LogModuleManager: Shutting down and abandoning module HeadMountedDisplay (43)
[2015.10.22-21.06.17:324][423]LogModuleManager: Shutting down and abandoning module ALAudio (42)
[2015.10.22-21.06.17:324][423]LogModuleManager: Shutting down and abandoning module Networking (40)
[2015.10.22-21.06.17:324][423]LogModuleManager: Shutting down and abandoning module Core (39)
[2015.10.22-21.06.17:324][423]LogModuleManager: Shutting down and abandoning module KismetCompiler (38)
[2015.10.22-21.06.17:324][423]LogModuleManager: Shutting down and abandoning module PhysXFormats (37)
[2015.10.22-21.06.17:324][423]LogModuleManager: Shutting down and abandoning module MeshUtilities (36)
[2015.10.22-21.06.17:324][423]LogModuleManager: Shutting down and abandoning module CookingStats (35)
[2015.10.22-21.06.17:327][423]LogModuleManager: Shutting down and abandoning module DerivedDataCache (34)
[2015.10.22-21.06.17:413][423]LogDerivedDataCache: Shutdown
[2015.10.22-21.06.17:413][423]LogModuleManager: Shutting down and abandoning module ShaderFormatOpenGL (33)
[2015.10.22-21.06.17:413][423]LogModuleManager: Shutting down and abandoning module TextureFormatUncompressed (32)
[2015.10.22-21.06.17:413][423]LogModuleManager: Shutting down and abandoning module ImageWrapper (31)
[2015.10.22-21.06.17:413][423]LogModuleManager: Shutting down and abandoning module TextureFormatASTC (30)
[2015.10.22-21.06.17:413][423]LogModuleManager: Shutting down and abandoning module TextureFormatDXT (29)
[2015.10.22-21.06.17:413][423]LogModuleManager: Shutting down and abandoning module TextureFormatPVR (28)
[2015.10.22-21.06.17:413][423]LogModuleManager: Shutting down and abandoning module AudioFormatOpus (27)
[2015.10.22-21.06.17:413][423]LogModuleManager: Shutting down and abandoning module AudioFormatOgg (26)
[2015.10.22-21.06.17:413][423]LogModuleManager: Shutting down and abandoning module LinuxNoEditorTargetPlatform (25)
[2015.10.22-21.06.17:413][423]LogModuleManager: Shutting down and abandoning module LinuxServerTargetPlatform (24)
[2015.10.22-21.06.17:413][423]LogModuleManager: Shutting down and abandoning module LinuxTargetPlatform (23)
[2015.10.22-21.06.17:413][423]LogModuleManager: Shutting down and abandoning module HTML5TargetPlatform (22)
[2015.10.22-21.06.17:413][423]LogModuleManager: Shutting down and abandoning module AllDesktopTargetPlatform (21)
[2015.10.22-21.06.17:413][423]LogModuleManager: Shutting down and abandoning module TargetPlatform (20)
[2015.10.22-21.06.17:413][423]LogModuleManager: Shutting down and abandoning module InputCore (19)
[2015.10.22-21.06.17:414][423]LogModuleManager: Shutting down and abandoning module Settings (18)
[2015.10.22-21.06.17:414][423]LogModuleManager: Shutting down and abandoning module OnlineSubsystem (16)
[2015.10.22-21.06.17:414][423]LogModuleManager: Shutting down and abandoning module HTTP (15)
[2015.10.22-21.06.19:415][423]LogModuleManager: Shutting down and abandoning module ExampleDeviceProfileSelector (14)
[2015.10.22-21.06.19:415][423]LogModuleManager: Shutting down and abandoning module TextureCompressor (13)
[2015.10.22-21.06.19:415][423]LogModuleManager: Shutting down and abandoning module ShaderCore (12)
[2015.10.22-21.06.19:415][423]LogModuleManager: Shutting down and abandoning module Landscape (11)
[2015.10.22-21.06.19:415][423]LogModuleManager: Shutting down and abandoning module SlateRHIRenderer (10)
[2015.10.22-21.06.19:415][423]LogModuleManager: Shutting down and abandoning module OpenGLDrv (9)
[2015.10.22-21.06.19:415][423]LogModuleManager: Shutting down and abandoning module AnimGraphRuntime (8)
[2015.10.22-21.06.19:415][423]LogModuleManager: Shutting down and abandoning module Renderer (7)
[2015.10.22-21.06.19:415][423]LogModuleManager: Shutting do