"/home/josh/Documents/Unreal Projects/Speed-Unlimited/SpeedUnlimited.uproject" 1
"../../../Engine/Plugins/Experimental/StructBox/StructBox.uplugin" 2
"../../../Engine/Plugins/Experimental/Phya/Phya.uplugin" 3
"../../../Engine/Plugins/Experimental/LiveEditor/LiveEditor.uplugin" 4
"../../../Engine/Plugins/Experimental/CodeView/CodeView.uplugin" 5
"../../../Engine/Plugins/Experimental/BlueprintStats/BlueprintStats.uplugin" 6
"../../../Engine/Plugins/Experimental/CodeEditor/CodeEditor.uplugin" 7
"../../../Engine/Plugins/Experimental/CharacterAI/CharacterAI.uplugin" 8
"../../../Engine/Plugins/Experimental/SimpleHMD/SimpleHMD.uplugin" 9
"../../../Engine/Plugins/Experimental/HTML5Networking/HTML5Networking.uplugin" 10
"../../../Engine/Plugins/NetcodeUnitTest/NetcodeUnitTest/NetcodeUnitTest.uplugin" 11
"../../../Engine/Plugins/NetcodeUnitTest/NUTUnrealEngine4/NUTUnrealEngine4.uplugin" 12
"../../../Engine/Plugins/Blendables/LightPropagationVolume/LightPropagationVolume.uplugin" 13
"../../../Engine/Plugins/Runtime/CableComponent/CableComponent.uplugin" 14
"../../../Engine/Plugins/Runtime/ArchVisCharacter/ArchVisCharacter.uplugin" 15
"../../../Engine/Plugins/Runtime/WindowsDeviceProfileSelector/WindowsDeviceProfileSelector.uplugin" 16
"../../../Engine/Plugins/Runtime/CustomMeshComponent/CustomMeshComponent.uplugin" 17
"../../../Engine/Plugins/Runtime/LinuxDeviceProfileSelector/LinuxDeviceProfileSelector.uplugin" 18
"../../../Engine/Plugins/Runtime/SoundMod/SoundMod.uplugin" 19
"../../../Engine/Plugins/Runtime/ExampleDeviceProfileSelector/ExampleDeviceProfileSelector.uplugin" 20
"../../../Engine/Plugins/Runtime/LiveEditorListenServer/LiveEditorListenServer.uplugin" 21
"../../../Engine/Plugins/Runtime/WindowsMoviePlayer/WindowsMoviePlayer.uplugin" 22
"../../../Engine/Plugins/Runtime/OculusRift/OculusRift.uplugin" 23
"../../../Engine/Plugins/Runtime/Steam/SteamVR/SteamVR.uplugin" 24
"../../../Engine/Plugins/Runtime/Steam/SteamController/SteamController.uplugin" 25
"../../../Engine/Plugins/Runtime/LeapMotionController/LeapMotionController.uplugin" 26
"../../../Engine/Plugins/Runtime/IOSDeviceProfileSelector/IOSDeviceProfileSelector.uplugin" 27
"../../../Engine/Plugins/Runtime/AndroidDeviceProfileSelector/AndroidDeviceProfileSelector.uplugin" 28
"../../../Engine/Plugins/Runtime/TwitchLiveStreaming/TwitchLiveStreaming.uplugin" 29
"../../../Engine/Plugins/Runtime/Advertising/IOSTapJoy/IOSTapJoy.uplugin" 30
"../../../Engine/Plugins/Runtime/ProceduralMeshComponent/ProceduralMeshComponent.uplugin" 31
"../../../Engine/Plugins/Runtime/Analytics/FileLogging/FileLogging.uplugin" 32
"../../../Engine/Plugins/Runtime/Analytics/Flurry/IOSFlurry/IOSFlurry.uplugin" 33
"../../../Engine/Plugins/Runtime/Analytics/AnalyticsMulticast/AnalyticsMulticast.uplugin" 34
"../../../Engine/Plugins/Runtime/Analytics/AnalyticsBlueprintLibrary/AnalyticsBlueprintLibrary.uplugin" 35
"../../../Engine/Plugins/Runtime/Analytics/Apsalar/IOSApsalar/IOSApsalar.uplugin" 36
"../../../Engine/Plugins/Runtime/GearVR/GearVR.uplugin" 37
"../../../Engine/Plugins/Runtime/OculusLibrary/OculusLibrary.uplugin" 38
"../../../Engine/Plugins/Runtime/SoundVisualizations/SoundVisualizations.uplugin" 39
"../../../Engine/Plugins/Runtime/AppleMoviePlayer/AppleMoviePlayer.uplugin" 40
"../../../Engine/Plugins/Runtime/AndroidMoviePlayer/AndroidMoviePlayer.uplugin" 41
"../../../Engine/Plugins/Runtime/WebBrowserWidget/WebBrowserWidget.uplugin" 42
"../../../Engine/Plugins/Runtime/OculusAudio/OculusAudio.uplugin" 43
"../../../Engine/Plugins/Media/WmfMedia/WmfMedia.uplugin" 44
"../../../Engine/Plugins/Media/MediaPlayerEditor/MediaPlayerEditor.uplugin" 45
"../../../Engine/Plugins/Media/AndroidMedia/AndroidMedia.uplugin" 46
"../../../Engine/Plugins/Media/AvfMedia/AvfMedia.uplugin" 47
"../../../Engine/Plugins/ScriptGeneratorPlugin/ScriptGeneratorPlugin.uplugin" 48
"../../../Engine/Plugins/Editor/EpicSurvey/EpicSurvey.uplugin" 49
"../../../Engine/Plugins/Editor/SpeedTreeImporter/SpeedTreeImporter.uplugin" 50
"../../../Engine/Plugins/Editor/PluginBrowser/PluginBrowser.uplugin" 51
"../../../Engine/Plugins/Editor/MacGraphicsSwitching/MacGraphicsSwitching.uplugin" 52
"../../../Engine/Plugins/2D/Paper2D/Paper2D.uplugin" 53
"../../../Engine/Plugins/Developer/XCodeSourceCodeAccess/XCodeSourceCodeAccess.uplugin" 54
"../../../Engine/Plugins/Developer/VisualStudioSourceCodeAccess/VisualStudioSourceCodeAccess.uplugin" 55
"../../../Engine/Plugins/Developer/PerforceSourceControl/PerforceSourceControl.uplugin" 56
"../../../Engine/Plugins/Developer/UObjectPlugin/UObjectPlugin.uplugin" 57
"../../../Engine/Plugins/Developer/KDevelopSourceCodeAccess/KDevelopSourceCodeAccess.uplugin" 58
"../../../Engine/Plugins/Developer/NullSourceCodeAccess/NullSourceCodeAccess.uplugin" 59
"../../../Engine/Plugins/Developer/BlankPlugin/BlankPlugin.uplugin" 60
"../../../Engine/Plugins/Developer/CodeLiteSourceCodeAccess/CodeLiteSourceCodeAccess.uplugin" 61
"../../../Engine/Plugins/Developer/SubversionSourceControl/SubversionSourceControl.uplugin" 62
"../../../Engine/Plugins/Developer/GitSourceControl/GitSourceControl.uplugin" 63
"../../../Engine/Plugins/Developer/OneSkyLocalizationService/OneSkyLocalizationService.uplugin" 64
"../../../Engine/Plugins/ScriptPlugin/ScriptPlugin.uplugin" 65
"../../../Engine/Plugins/Slate/SlateRemote/SlateRemote.uplugin" 66
"../../../Engine/Plugins/Messaging/UdpMessaging/UdpMessaging.uplugin" 67
"../../../Engine/Plugins/Messaging/MessagingDebugger/MessagingDebugger.uplugin" 68
"../../../Engine/Plugins/MovieScene/LevelSequenceEditor/LevelSequenceEditor.uplugin" 69
"../../../Engine/Content/Internationalization/icudt53l/cnvalias.icu" 70
"../../../Engine/Content/Internationalization/icudt53l/en_US_POSIX.res" 71
"../../../Engine/Content/Internationalization/icudt53l/pool.res" 72
"../../../Engine/Content/Internationalization/icudt53l/en_US.res" 73
"../../../Engine/Content/Internationalization/icudt53l/en.res" 74
"../../../Engine/Content/Internationalization/icudt53l/root.res" 75
"/home/josh/.config/Epic/Epic Games/KeyValueStore.ini" 76
"../../../Engine/Saved/Config/Linux/Manifest.ini" 77
"../../../Engine/Config/Base.ini" 78
"../../../Engine/Config/BaseEngine.ini" 79
"/home/josh/Documents/Unreal Projects/Speed-Unlimited/Config/DefaultEngine.ini" 80
"../../../Engine/Config/Linux/LinuxEngine.ini" 81
"/home/josh/Documents/Unreal Projects/Speed-Unlimited/Saved/Config/Linux/Engine.ini" 82
"../../../../Documents/Unreal Projects/Speed-Unlimited/Intermediate/Config/CoalescedSourceConfigs/Engine.ini" 83
"../../../Engine/Config/BaseGame.ini" 84
"/home/josh/Documents/Unreal Projects/Speed-Unlimited/Config/DefaultGame.ini" 85
"/home/josh/Documents/Unreal Projects/Speed-Unlimited/Saved/Config/Linux/Game.ini" 86
"../../../../Documents/Unreal Projects/Speed-Unlimited/Intermediate/Config/CoalescedSourceConfigs/Game.ini" 87
"../../../Engine/Config/BaseInput.ini" 88
"/home/josh/Documents/Unreal Projects/Speed-Unlimited/Config/DefaultInput.ini" 89
"/home/josh/Documents/Unreal Projects/Speed-Unlimited/Saved/Config/Linux/Input.ini" 90
"../../../../Documents/Unreal Projects/Speed-Unlimited/Intermediate/Config/CoalescedSourceConfigs/Input.ini" 91
"../../../Engine/Config/BaseEditor.ini" 92
"/home/josh/Documents/Unreal Projects/Speed-Unlimited/Config/DefaultEditor.ini" 93
"/home/josh/Documents/Unreal Projects/Speed-Unlimited/Saved/Config/Linux/Editor.ini" 94
"../../../../Documents/Unreal Projects/Speed-Unlimited/Intermediate/Config/CoalescedSourceConfigs/Editor.ini" 95
"../../../Engine/Config/BaseEditorPerProjectUserSettings.ini" 96
"/home/josh/Documents/Unreal Projects/Speed-Unlimited/Config/DefaultEditorPerProjectUserSettings.ini" 97
"/home/josh/Documents/Unreal Projects/Speed-Unlimited/Saved/Config/Linux/EditorPerProjectUserSettings.ini" 98
"../../../../Documents/Unreal Projects/Speed-Unlimited/Intermediate/Config/CoalescedSourceConfigs/EditorPerProjectUserSettings.ini" 99
"../../../Engine/Config/BaseEditorSettings.ini" 100
"../../../Engine/Saved/Config/Linux/EditorSettings.ini" 101
"../../../../Documents/Unreal Projects/Speed-Unlimited/Intermediate/Config/CoalescedSourceConfigs/EditorSettings.ini" 102
"../../../Engine/Config/BaseEditorLayout.ini" 103
"../../../Engine/Saved/Config/Linux/EditorLayout.ini" 104
"../../../../Documents/Unreal Projects/Speed-Unlimited/Intermediate/Config/CoalescedSourceConfigs/EditorLayout.ini" 105
"../../../Engine/Config/BaseEditorKeyBindings.ini" 106
"../../../Engine/Saved/Config/Linux/EditorKeyBindings.ini" 107
"../../../../Documents/Unreal Projects/Speed-Unlimited/Intermediate/Config/CoalescedSourceConfigs/EditorKeyBindings.ini" 108
"../../../Engine/Config/BaseCompat.ini" 109
"/home/josh/Documents/Unreal Projects/Speed-Unlimited/Saved/Config/Linux/Compat.ini" 110
"../../../../Documents/Unreal Projects/Speed-Unlimited/Intermediate/Config/CoalescedSourceConfigs/Compat.ini" 111
"../../../Engine/Config/BaseLightmass.ini" 112
"/home/josh/Documents/Unreal Projects/Speed-Unlimited/Saved/Config/Linux/Lightmass.ini" 113
"../../../../Documents/Unreal Projects/Speed-Unlimited/Intermediate/Config/CoalescedSourceConfigs/Lightmass.ini" 114
"../../../Engine/Config/BaseScalability.ini" 115
"/home/josh/Documents/Unreal Projects/Speed-Unlimited/Saved/Config/Linux/Scalability.ini" 116
"../../../../Documents/Unreal Projects/Speed-Unlimited/Intermediate/Config/CoalescedSourceConfigs/Scalability.ini" 117
"/home/josh/Documents/Unreal Projects/Speed-Unlimited/Saved/Config/Linux/GameUserSettings.ini" 118
"../../../../Documents/Unreal Projects/Speed-Unlimited/Intermediate/Config/CoalescedSourceConfigs/GameUserSettings.ini" 119
"../../../Engine/Config/BaseDeviceProfiles.ini" 120
"/home/josh/Documents/Unreal Projects/Speed-Unlimited/Saved/Config/Linux/DeviceProfiles.ini" 121
"../../../../Documents/Unreal Projects/Speed-Unlimited/Intermediate/Config/CoalescedSourceConfigs/DeviceProfiles.ini" 122
"../../../Engine/Config/ConsoleVariables.ini" 123
"../../../Engine/Content/Internationalization/icudt53l/zh_CN.res" 124
"../../../Engine/Content/Internationalization/icudt53l/zh_Hans_CN.res" 125
"../../../Engine/Content/Internationalization/icudt53l/zh_Hans.res" 126
"../../../Engine/Content/Internationalization/icudt53l/zh.res" 127
"../../../Engine/Content/Internationalization/icudt53l/ko.res" 128
"../../../Engine/Content/Internationalization/icudt53l/ja.res" 129
"../../../Engine/Content/Internationalization/icudt53l/es.res" 130
"../../../Engine/Content/Internationalization/icudt53l/pt_BR.res" 131
"../../../Engine/Content/Internationalization/icudt53l/pt.res" 132
"/home/josh/UnrealEngine/Engine/Content/Localization/Editor/en/Editor.locres" 133
"/home/josh/UnrealEngine/Engine/Content/Localization/EditorTutorials/en/EditorTutorials.locres" 134
"/home/josh/UnrealEngine/Engine/Content/Localization/Keywords/en/Keywords.locres" 135
"/home/josh/UnrealEngine/Engine/Content/Localization/Category/en/Category.locres" 136
"/home/josh/UnrealEngine/Engine/Content/Localization/ToolTips/en/ToolTips.locres" 137
"/home/josh/UnrealEngine/Engine/Content/Localization/PropertyNames/en/PropertyNames.locres" 138
"/home/josh/UnrealEngine/Engine/Content/Localization/Engine/en/Engine.locres" 139
"../../../Engine/Content/Slate/Fonts/Roboto-Regular.ttf" 140
"../../../Engine/Content/Slate/Fonts/DroidSansMono.ttf" 141
"../../../Engine/Content/Slate/Fonts/Roboto-Bold.ttf" 142
"../../../Engine/Content/Slate/Fonts/Roboto-Light.ttf" 143
"/home/josh/UnrealEngine/Engine/Binaries/Linux/../../../Engine/Shaders/LandscapeVertexFactory.usf" 144
"/home/josh/UnrealEngine/Engine/Binaries/Linux/../../../Engine/Shaders/VertexFactoryCommon.usf" 145
"/home/josh/UnrealEngine/Engine/Binaries/Linux/../../../Engine/Shaders/Common.usf" 146
"/home/josh/UnrealEngine/Engine/Binaries/Linux/../../../Engine/Shaders/MetalCommon.usf" 147
"/home/josh/UnrealEngine/Engine/Binaries/Linux/../../../Engine/Shaders/ShaderVersion.usf" 148
"/home/josh/UnrealEngine/Engine/Binaries/Linux/../../../Engine/Shaders/CommonViewUniformBuffer.usf" 149
"/home/josh/UnrealEngine/Engine/Binaries/Linux/../../../Engine/Shaders/Definitions.usf" 150
"/home/josh/UnrealEngine/Engine/Binaries/Linux/../../../Engine/Shaders/Random.usf" 151
"/home/josh/UnrealEngine/Engine/Binaries/Linux/../../../Engine/Shaders/ParticleSpriteVertexFactory.usf" 152
"/home/josh/UnrealEngine/Engine/Binaries/Linux/../../../Engine/Shaders/ParticleVertexFactoryCommon.usf" 153
"/home/josh/UnrealEngine/Engine/Binaries/Linux/../../../Engine/Shaders/ParticleGPUSpriteVertexFactory.usf" 154
"/home/josh/UnrealEngine/Engine/Binaries/Linux/../../../Engine/Shaders/ParticleBeamTrailVertexFactory.usf" 155
"/home/josh/UnrealEngine/Engine/Binaries/Linux/../../../Engine/Shaders/LocalVertexFactory.usf" 156
"/home/josh/UnrealEngine/Engine/Binaries/Linux/../../../Engine/Shaders/LocalVertexFactoryCommon.usf" 157
"/home/josh/UnrealEngine/Engine/Binaries/Linux/../../../Engine/Shaders/VectorFieldVisualizationVertexFactory.usf" 158
"/home/josh/UnrealEngine/Engine/Binaries/Linux/../../../Engine/Shaders/MeshParticleVertexFactory.usf" 159
"/home/josh/UnrealEngine/Engine/Binaries/Linux/../../../Engine/Shaders/GpuSkinVertexFactory.usf" 160
"/home/josh/UnrealEngine/Engine/Binaries/Linux/../../../Engine/Shaders/GpuSkinCacheCommon.usf" 161
"/home/josh/UnrealEngine/Engine/Binaries/Linux/../../../Engine/Shaders/SlateElementPixelShader.usf" 162
"/home/josh/UnrealEngine/Engine/Binaries/Linux/../../../Engine/Shaders/GammaCorrectionCommon.usf" 163
"/home/josh/UnrealEngine/Engine/Binaries/Linux/../../../Engine/Shaders/MaterialTemplate.usf" 164
"/home/josh/UnrealEngine/Engine/Binaries/Linux/../../../Engine/Shaders/DepthOfFieldCommon.usf" 165
"/home/josh/UnrealEngine/Engine/Binaries/Linux/../../../Engine/Shaders/GlobalDistanceFieldShared.usf" 166
"/home/josh/UnrealEngine/Engine/Binaries/Linux/../../../Engine/Shaders/SpeedTreeCommon.usf" 167
"/home/josh/UnrealEngine/Engine/Binaries/Linux/../../../Engine/Shaders/AtmosphereCommon.usf" 168
"/home/josh/UnrealEngine/Engine/Binaries/Linux/../../../Engine/Shaders/PaniniProjection.usf" 169
"/home/josh/UnrealEngine/Engine/Binaries/Linux/../../../Engine/Shaders/EyeAdaptationCommon.usf" 170
"/home/josh/UnrealEngine/Engine/Binaries/Linux/../../../Engine/Shaders/PostProcessCommon.usf" 171
"/home/josh/UnrealEngine/Engine/Binaries/Linux/../../../Engine/Shaders/DeferredShadingCommon.usf" 172
"/home/josh/UnrealEngine/Engine/Binaries/Linux/../../../Engine/Shaders/LightAccumulator.usf" 173
"/home/josh/UnrealEngine/Engine/Binaries/Linux/../../../Engine/Shaders/SlateVertexShader.usf" 174
"/home/josh/UnrealEngine/Engine/Binaries/Linux/../../../Engine/Shaders/SimpleElementTexture2DPreviewPixelShader.usf" 175
"/home/josh/UnrealEngine/Engine/Binaries/Linux/../../../Engine/Shaders/ColorUtils.usf" 176
"/home/josh/UnrealEngine/Engine/Binaries/Linux/../../../Engine/Shaders/SimpleElementNormalMapPixelShader.usf" 177
"/home/josh/UnrealEngine/Engine/Binaries/Linux/../../../Engine/Shaders/meshpaintdilatepixelshader.usf" 178
"/home/josh/UnrealEngine/Engine/Binaries/Linux/../../../Engine/Shaders/meshpaintdilatevertexshader.usf" 179
"/home/josh/UnrealEngine/Engine/Binaries/Linux/../../../Engine/Shaders/MeshPaintPixelShader.usf" 180
"/home/josh/UnrealEngine/Engine/Binaries/Linux/../../../Engine/Shaders/MeshPaintVertexShader.usf" 181
"/home/josh/UnrealEngine/Engine/Binaries/Linux/../../../Engine/Shaders/SimpleElementPixelShader.usf" 182
"/home/josh/UnrealEngine/Engine/Binaries/Linux/../../../Engine/Shaders/IESLightProfilesCommon.usf" 183
"/home/josh/UnrealEngine/Engine/Binaries/Linux/../../../Engine/Shaders/SimpleElementVertexShader.usf" 184
"/home/josh/UnrealEngine/Engine/Binaries/Linux/../../../Engine/Shaders/LandscapeGrassWeight.usf" 185
"/home/josh/UnrealEngine/Engine/Binaries/Linux/../../../Engine/Shaders/VisualizeTexture.usf" 186
"/home/josh/UnrealEngine/Engine/Binaries/Linux/../../../Engine/Shaders/ScreenSpaceReflections.usf" 187
"/home/josh/UnrealEngine/Engine/Binaries/Linux/../../../Engine/Shaders/BRDF.usf" 188
"/home/josh/UnrealEngine/Engine/Binaries/Linux/../../../Engine/Shaders/MonteCarlo.usf" 189
"/home/josh/UnrealEngine/Engine/Binaries/Linux/../../../Engine/Shaders/ScreenSpaceRayCast.usf" 190
"/home/josh/UnrealEngine/Engine/Binaries/Linux/../../../Engine/Shaders/PostProcessBloom.usf" 191
"/home/josh/UnrealEngine/Engine/Binaries/Linux/../../../Engine/Shaders/FilterVertexShader.usf" 192
"/home/josh/UnrealEngine/Engine/Binaries/Linux/../../../Engine/Shaders/FilterPixelShader.usf" 193
"/home/josh/UnrealEngine/Engine/Binaries/Linux/../../../Engine/Shaders/PostProcessVisualizeHDR.usf" 194
"/home/josh/UnrealEngine/Engine/Binaries/Linux/../../../Engine/Shaders/PostProcessHistogramCommon.usf" 195
"/home/josh/UnrealEngine/Engine/Binaries/Linux/../../../Engine/Shaders/TonemapCommon.usf" 196
"/home/josh/UnrealEngine/Engine/Binaries/Linux/../../../Engine/Shaders/ACES.usf" 197
"/home/josh/UnrealEngine/Engine/Binaries/Linux/../../../Engine/Shaders/MiniFontCommon.usf" 198
"/home/josh/UnrealEngine/Engine/Binaries/Linux/../../../Engine/Shaders/PostProcessVisualizeBuffer.usf" 199
"/home/josh/UnrealEngine/Engine/Binaries/Linux/../../../Engine/Shaders/PostProcessUpscale.usf" 200
"/home/josh/UnrealEngine/Engine/Binaries/Linux/../../../Engine/Shaders/PostProcessTonemap.usf" 201
"/home/josh/UnrealEngine/Engine/Binaries/Linux/../../../Engine/Shaders/PostProcessTestImage.usf" 202
"/home/josh/UnrealEngine/Engine/Binaries/Linux/../../../Engine/Shaders/PostProcessTemporalAA.usf" 203
"/home/josh/UnrealEngine/Engine/Binaries/Linux/../../../Engine/Shaders/PostProcessTemporalCommon.usf" 204
"/home/josh/UnrealEngine/Engine/Binaries/Linux/../../../Engine/Shaders/PostProcessSubsurface.usf" 205
"/home/josh/UnrealEngine/Engine/Binaries/Linux/../../../Engine/Shaders/SeparableSSS.usf" 206
"/home/josh/UnrealEngine/Engine/Binaries/Linux/../../../Engine/Shaders/PostProcessSelectionOutline.usf" 207
"/home/josh/UnrealEngine/Engine/Binaries/Linux/../../../Engine/Shaders/PostProcessSceneColorFringe.usf" 208
"/home/josh/UnrealEngine/Engine/Binaries/Linux/../../../Engine/Shaders/PostProcessNoiseBlur.usf" 209
"/home/josh/UnrealEngine/Engine/Binaries/Linux/../../../Engine/Shaders/PostProcessMotionBlur.usf" 210
"/home/josh/UnrealEngine/Engine/Binaries/Linux/../../../Engine/Shaders/FastMath.usf" 211
"/home/josh/UnrealEngine/Engine/Binaries/Linux/../../../Engine/Shaders/PostProcessVelocityFlatten.usf" 212
"/home/josh/UnrealEngine/Engine/Binaries/Linux/../../../Engine/Shaders/PostProcessMobile.usf" 213
"/home/josh/UnrealEngine/Engine/Binaries/Linux/../../../Engine/Shaders/PostProcessMaterialShaders.usf" 214
"/home/josh/UnrealEngine/Engine/Binaries/Linux/../../../Engine/Shaders/PostProcessLensFlares.usf" 215
"/home/josh/UnrealEngine/Engine/Binaries/Linux/../../../Engine/Shaders/PostProcessLensBlur.usf" 216
"/home/josh/UnrealEngine/Engine/Binaries/Linux/../../../Engine/Shaders/PostProcessHistogramReduce.usf" 217
"/home/josh/UnrealEngine/Engine/Binaries/Linux/../../../Engine/Shaders/PostProcessHistogram.usf" 218
"/home/josh/UnrealEngine/Engine/Binaries/Linux/../../../Engine/Shaders/PostProcessHierarchical.usf" 219
"/home/josh/UnrealEngine/Engine/Binaries/Linux/../../../Engine/Shaders/PostProcessHMD.usf" 220
"/home/josh/UnrealEngine/Engine/Binaries/Linux/../../../Engine/Shaders/PostProcessGBufferHints.usf" 221
"/home/josh/UnrealEngine/Engine/Binaries/Linux/../../../Engine/Shaders/PostProcessEyeAdaptation.usf" 222
"/home/josh/UnrealEngine/Engine/Binaries/Linux/../../../Engine/Shaders/PostProcessDownsample.usf" 223
"/home/josh/UnrealEngine/Engine/Binaries/Linux/../../../Engine/Shaders/PostProcessDOF.usf" 224
"/home/josh/UnrealEngine/Engine/Binaries/Linux/../../../Engine/Shaders/PostProcessCompositeEditorPrimitives.usf" 225
"/home/josh/UnrealEngine/Engine/Binaries/Linux/../../../Engine/Shaders/PostProcessCombineLUTs.usf" 226
"/home/josh/UnrealEngine/Engine/Binaries/Linux/../../../Engine/Shaders/PostProcessCircleDOF.usf" 227
"/home/josh/UnrealEngine/Engine/Binaries/Linux/../../../Engine/Shaders/CircleDOFCommon.usf" 228
"/home/josh/UnrealEngine/Engine/Binaries/Linux/../../../Engine/Shaders/PostProcessBusyWait.usf" 229
"/home/josh/UnrealEngine/Engine/Binaries/Linux/../../../Engine/Shaders/PostProcessBokehDOF.usf" 230
"/home/josh/UnrealEngine/Engine/Binaries/Linux/../../../Engine/Shaders/PostProcessVisualizeDOF.usf" 231
"/home/josh/UnrealEngine/Engine/Binaries/Linux/../../../Engine/Shaders/FXAAShader.usf" 232
"/home/josh/UnrealEngine/Engine/Binaries/Linux/../../../Engine/Shaders/Fxaa3_11.usf" 233
"/home/josh/UnrealEngine/Engine/Binaries/Linux/../../../Engine/Shaders/PostProcessPassThrough.usf" 234
"/home/josh/UnrealEngine/Engine/Binaries/Linux/../../../Engine/Shaders/PostProcessLpvIndirect.usf" 235
"/home/josh/UnrealEngine/Engine/Binaries/Linux/../../../Engine/Shaders/DeferredLightingCommon.usf" 236
"/home/josh/UnrealEngine/Engine/Binaries/Linux/../../../Engine/Shaders/DynamicLightingCommon.usf" 237
"/home/josh/UnrealEngine/Engine/Binaries/Linux/../../../Engine/Shaders/ShadingModels.usf" 238
"/home/josh/UnrealEngine/Engine/Binaries/Linux/../../../Engine/Shaders/LPVFinalPass.usf" 239
"/home/josh/UnrealEngine/Engine/Binaries/Linux/../../../Engine/Shaders/LPVCommon.usf" 240
"/home/josh/UnrealEngine/Engine/Binaries/Linux/../../../Engine/Shaders/DeferredDecal.usf" 241
"/home/josh/UnrealEngine/Engine/Binaries/Linux/../../../Engine/Shaders/PostProcessAmbientOcclusion.usf" 242
"/home/josh/UnrealEngine/Engine/Binaries/Linux/../../../Engine/Shaders/PostProcessAmbient.usf" 243
"/home/josh/UnrealEngine/Engine/Binaries/Linux/../../../Engine/Shaders/CubemapCommon.usf" 244
"/home/josh/UnrealEngine/Engine/Binaries/Linux/../../../Engine/Shaders/VelocityShader.usf" 245
"/home/josh/UnrealEngine/Engine/Binaries/Linux/../../../Engine/Shaders/VelocityCommon.usf" 246
"/home/josh/UnrealEngine/Engine/Binaries/Linux/../../../Engine/Shaders/Tessellation.usf" 247
"/home/josh/UnrealEngine/Engine/Binaries/Linux/../../../Engine/Shaders/FlatTessellation.usf" 248
"/home/josh/UnrealEngine/Engine/Binaries/Linux/../../../Engine/Shaders/PNTriangles.usf" 249
"/home/josh/UnrealEngine/Engine/Binaries/Linux/../../../Engine/Shaders/TranslucentLightingShaders.usf" 250
"/home/josh/UnrealEngine/Engine/Binaries/Linux/../../../Engine/Shaders/SHCommon.usf" 251
"/home/josh/UnrealEngine/Engine/Binaries/Linux/../../../Engine/Shaders/ShadowProjectionCommon.usf" 252
"/home/josh/UnrealEngine/Engine/Binaries/Linux/../../../Engine/Shaders/TranslucentLightInjectionShaders.usf" 253
"/home/josh/UnrealEngine/Engine/Binaries/Linux/../../../Engine/Shaders/LightFunctionCommon.usf" 254
"/home/josh/UnrealEngine/Engine/Binaries/Linux/../../../Engine/Shaders/TranslucentShadowDepthShaders.usf" 255
"/home/josh/UnrealEngine/Engine/Binaries/Linux/../../../Engine/Shaders/ShadowDepthCommon.usf" 256
"/home/josh/UnrealEngine/Engine/Binaries/Linux/../../../Engine/Shaders/TiledDeferredLightShaders.usf" 257
"/home/josh/UnrealEngine/Engine/Binaries/Linux/../../../Engine/Shaders/SurfelTree.usf" 258
"/home/josh/UnrealEngine/Engine/Binaries/Linux/../../../Engine/Shaders/DistanceFieldLightingShared.usf" 259
"/home/josh/UnrealEngine/Engine/Binaries/Linux/../../../Engine/Shaders/SurfelMaterialShared.usf" 260
"/home/josh/UnrealEngine/Engine/Binaries/Linux/../../../Engine/Shaders/DistanceFieldAOShared.usf" 261
"/home/josh/UnrealEngine/Engine/Binaries/Linux/../../../Engine/Shaders/ShadowProjectionPixelShader.usf" 262
"/home/josh/UnrealEngine/Engine/Binaries/Linux/../../../Engine/Shaders/ShadowFilteringCommon.usf" 263
"/home/josh/UnrealEngine/Engine/Binaries/Linux/../../../Engine/Shaders/ShadowProjectionVertexShader.usf" 264
"/home/josh/UnrealEngine/Engine/Binaries/Linux/../../../Engine/Shaders/ShadowDepthPixelShader.usf" 265
"/home/josh/UnrealEngine/Engine/Binaries/Linux/../../../Engine/Shaders/LPVWriteVplCommon.usf" 266
"/home/josh/UnrealEngine/Engine/Binaries/Linux/../../../Engine/Shaders/LPVWriteCommon.usf" 267
"/home/josh/UnrealEngine/Engine/Binaries/Linux/../../../Engine/Shaders/ShadowDepthVertexShader.usf" 268
"/home/josh/UnrealEngine/Engine/Binaries/Linux/../../../Engine/Shaders/ShaderComplexityApplyPixelShader.usf" 269
"/home/josh/UnrealEngine/Engine/Binaries/Linux/../../../Engine/Shaders/ShaderComplexityApplyVertexShader.usf" 270
"/home/josh/UnrealEngine/Engine/Binaries/Linux/../../../Engine/Shaders/ShaderComplexityAccumulatePixelShader.usf" 271
"/home/josh/UnrealEngine/Engine/Binaries/Linux/../../../Engine/Shaders/HZBOcclusion.usf" 272
"/home/josh/UnrealEngine/Engine/Binaries/Linux/../../../Engine/Shaders/OcclusionQueryVertexShader.usf" 273
"/home/josh/UnrealEngine/Engine/Binaries/Linux/../../../Engine/Shaders/HitProxyPixelShader.usf" 274
"/home/josh/UnrealEngine/Engine/Binaries/Linux/../../../Engine/Shaders/HitProxyVertexShader.usf" 275
"/home/josh/UnrealEngine/Engine/Binaries/Linux/../../../Engine/Shaders/ReflectionEnvironmentShaders.usf" 276
"/home/josh/UnrealEngine/Engine/Binaries/Linux/../../../Engine/Shaders/ReflectionEnvironmentShared.usf" 277
"/home/josh/UnrealEngine/Engine/Binaries/Linux/../../../Engine/Shaders/SkyLightingShared.usf" 278
"/home/josh/UnrealEngine/Engine/Binaries/Linux/../../../Engine/Shaders/ReflectionEnvironmentComputeShaders.usf" 279
"/home/josh/UnrealEngine/Engine/Binaries/Linux/../../../Engine/Shaders/LightShaftShader.usf" 280
"/home/josh/UnrealEngine/Engine/Binaries/Linux/../../../Engine/Shaders/StationaryLightOverlapShaders.usf" 281
"/home/josh/UnrealEngine/Engine/Binaries/Linux/../../../Engine/Shaders/DeferredLightPixelShaders.usf" 282
"/home/josh/UnrealEngine/Engine/Binaries/Linux/../../../Engine/Shaders/DeferredLightVertexShaders.usf" 283
"/home/josh/UnrealEngine/Engine/Binaries/Linux/../../../Engine/Shaders/LPVVisualise.usf" 284
"/home/josh/UnrealEngine/Engine/Binaries/Linux/../../../Engine/Shaders/LPVGeometryVolumeCommon.usf" 285
"/home/josh/UnrealEngine/Engine/Binaries/Linux/../../../Engine/Shaders/LPVDirectLightInject.usf" 286
"/home/josh/UnrealEngine/Engine/Binaries/Linux/../../../Engine/Shaders/LPVPropagate.usf" 287
"/home/josh/UnrealEngine/Engine/Binaries/Linux/../../../Engine/Shaders/LPVPacking.usf" 288
"/home/josh/UnrealEngine/Engine/Binaries/Linux/../../../Engine/Shaders/LPVBuildGeometryVolume.usf" 289
"/home/josh/UnrealEngine/Engine/Binaries/Linux/../../../Engine/Shaders/LpvDirectionalOcclusion.usf" 290
"/home/josh/UnrealEngine/Engine/Binaries/Linux/../../../Engine/Shaders/LPVInject_AccumulateVplLists.usf" 291
"/home/josh/UnrealEngine/Engine/Binaries/Linux/../../../Engine/Shaders/LPVInject_GenerateVplLists.usf" 292
"/home/josh/UnrealEngine/Engine/Binaries/Linux/../../../Engine/Shaders/LPVClearLists.usf" 293
"/home/josh/UnrealEngine/Engine/Binaries/Linux/../../../Engine/Shaders/LPVClear.usf" 294
"/home/josh/UnrealEngine/Engine/Binaries/Linux/../../../Engine/Shaders/LightMapDensityShader.usf" 295
"/home/josh/UnrealEngine/Engine/Binaries/Linux/../../../Engine/Shaders/LightFunctionPixelShader.usf" 296
"/home/josh/UnrealEngine/Engine/Binaries/Linux/../../../Engine/Shaders/LightFunctionVertexShader.usf" 297
"/home/josh/UnrealEngine/Engine/Binaries/Linux/../../../Engine/Shaders/HeightfieldLighting.usf" 298
"/home/josh/UnrealEngine/Engine/Binaries/Linux/../../../Engine/Shaders/DistanceFieldShadowingShared.usf" 299
"/home/josh/UnrealEngine/Engine/Binaries/Linux/../../../Engine/Shaders/HdrCustomResolveShaders.usf" 300
"/home/josh/UnrealEngine/Engine/Binaries/Linux/../../../Engine/Shaders/GlobalDistanceField.usf" 301
"/home/josh/UnrealEngine/Engine/Binaries/Linux/../../../Engine/Shaders/GammaCorrection.usf" 302
"/home/josh/UnrealEngine/Engine/Binaries/Linux/../../../Engine/Shaders/GPUBenchmark.usf" 303
"/home/josh/UnrealEngine/Engine/Binaries/Linux/../../../Engine/Shaders/BasePassForForwardShadingPixelShader.usf" 304
"/home/josh/UnrealEngine/Engine/Binaries/Linux/../../../Engine/Shaders/BasePassForForwardShadingCommon.usf" 305
"/home/josh/UnrealEngine/Engine/Binaries/Linux/../../../Engine/Shaders/LightmapCommon.usf" 306
"/home/josh/UnrealEngine/Engine/Binaries/Linux/../../../Engine/Shaders/BasePassForForwardShadingVertexShader.usf" 307
"/home/josh/UnrealEngine/Engine/Binaries/Linux/../../../Engine/Shaders/HeightFogCommon.usf" 308
"/home/josh/UnrealEngine/Engine/Binaries/Linux/../../../Engine/Shaders/HeightFogPixelShader.usf" 309
"/home/josh/UnrealEngine/Engine/Binaries/Linux/../../../Engine/Shaders/HeightFogVertexShader.usf" 310
"/home/josh/UnrealEngine/Engine/Binaries/Linux/../../../Engine/Shaders/DistortAccumulatePS.usf" 311
"/home/josh/UnrealEngine/Engine/Binaries/Linux/../../../Engine/Shaders/DistortAccumulateVS.usf" 312
"/home/josh/UnrealEngine/Engine/Binaries/Linux/../../../Engine/Shaders/DistortApplyScreenPS.usf" 313
"/home/josh/UnrealEngine/Engine/Binaries/Linux/../../../Engine/Shaders/DistanceFieldSurfaceCacheLighting.usf" 314
"/home/josh/UnrealEngine/Engine/Binaries/Linux/../../../Engine/Shaders/SkyLighting.usf" 315
"/home/josh/UnrealEngine/Engine/Binaries/Linux/../../../Engine/Shaders/DistanceFieldSurfaceCacheLightingCompute.usf" 316
"/home/josh/UnrealEngine/Engine/Binaries/Linux/../../../Engine/Shaders/DistanceFieldShadowing.usf" 317
"/home/josh/UnrealEngine/Engine/Binaries/Linux/../../../Engine/Shaders/DistanceFieldScreenGridLighting.usf" 318
"/home/josh/UnrealEngine/Engine/Binaries/Linux/../../../Engine/Shaders/DistanceFieldLightingPost.usf" 319
"/home/josh/UnrealEngine/Engine/Binaries/Linux/../../../Engine/Shaders/DistanceFieldGlobalIllumination.usf" 320
"/home/josh/UnrealEngine/Engine/Binaries/Linux/../../../Engine/Shaders/DepthOnlyPixelShader.usf" 321
"/home/josh/UnrealEngine/Engine/Binaries/Linux/../../../Engine/Shaders/DepthOnlyVertexShader.usf" 322
"/home/josh/UnrealEngine/Engine/Binaries/Linux/../../../Engine/Shaders/PositionOnlyDepthVertexShader.usf" 323
"/home/josh/UnrealEngine/Engine/Binaries/Linux/../../../Engine/Shaders/DownsampleDepthPixelShader.usf" 324
"/home/josh/UnrealEngine/Engine/Binaries/Linux/../../../Engine/Shaders/EvaluateSurfelMaterial.usf" 325
"/home/josh/UnrealEngine/Engine/Binaries/Linux/../../../Engine/Shaders/ConvertToUniformMesh.usf" 326
"/home/josh/UnrealEngine/Engine/Binaries/Linux/../../../Engine/Shaders/BasePassPixelShader.usf" 327
"/home/josh/UnrealEngine/Engine/Binaries/Linux/../../../Engine/Shaders/BasePassCommon.usf" 328
"/home/josh/UnrealEngine/Engine/Binaries/Linux/../../../Engine/Shaders/ForEachLight.usf" 329
"/home/josh/UnrealEngine/Engine/Binaries/Linux/../../../Engine/Shaders/BasePassVertexShader.usf" 330
"/home/josh/UnrealEngine/Engine/Binaries/Linux/../../../Engine/Shaders/BasePassVertexCommon.usf" 331
"/home/josh/UnrealEngine/Engine/Binaries/Linux/../../../Engine/Shaders/BasePassTessellationShaders.usf" 332
"/home/josh/UnrealEngine/Engine/Binaries/Linux/../../../Engine/Shaders/AtmospherePrecompute.usf" 333
"/home/josh/UnrealEngine/Engine/Binaries/Linux/../../../Engine/Shaders/AtmospherePrecomputeCommon.usf" 334
"/home/josh/UnrealEngine/Engine/Binaries/Linux/../../../Engine/Shaders/AtmospherePrecomputeInscatter.usf" 335
"/home/josh/UnrealEngine/Engine/Binaries/Linux/../../../Engine/Shaders/AtmosphericFogShader.usf" 336
"/home/josh/UnrealEngine/Engine/Binaries/Linux/../../../Engine/Shaders/ResolveVertexShader.usf" 337
"/home/josh/UnrealEngine/Engine/Binaries/Linux/../../../Engine/Shaders/ResolvePixelShader.usf" 338
"/home/josh/UnrealEngine/Engine/Binaries/Linux/../../../Engine/Shaders/OneColorShader.usf" 339
"/home/josh/UnrealEngine/Engine/Binaries/Linux/../../../Engine/Shaders/MediaShaders.usf" 340
"/home/josh/UnrealEngine/Engine/Binaries/Linux/../../../Engine/Shaders/ClearReplacementShaders.usf" 341
"/home/josh/UnrealEngine/Engine/Binaries/Linux/../../../Engine/Shaders/ParticleSortKeyGen.usf" 342
"/home/josh/UnrealEngine/Engine/Binaries/Linux/../../../Engine/Shaders/ParticleBoundsShader.usf" 343
"/home/josh/UnrealEngine/Engine/Binaries/Linux/../../../Engine/Shaders/ParticleSimVisualizeShader.usf" 344
"/home/josh/UnrealEngine/Engine/Binaries/Linux/../../../Engine/Shaders/ParticleInjectionShader.usf" 345
"/home/josh/UnrealEngine/Engine/Binaries/Linux/../../../Engine/Shaders/ParticleSimulationShader.usf" 346
"/home/josh/UnrealEngine/Engine/Binaries/Linux/../../../Engine/Shaders/ParticleCurveInjectionShader.usf" 347
"/home/josh/UnrealEngine/Engine/Binaries/Linux/../../../Engine/Shaders/VectorFieldCompositeShaders.usf" 348
"/home/josh/UnrealEngine/Engine/Binaries/Linux/../../../Engine/Shaders/UpdateTextureShaders.usf" 349
"/home/josh/UnrealEngine/Engine/Binaries/Linux/../../../Engine/Shaders/SimpleElementColorChannelMaskPixelShader.usf" 350
"/home/josh/UnrealEngine/Engine/Binaries/Linux/../../../Engine/Shaders/SimpleElementHitProxyPixelShader.usf" 351
"/home/josh/UnrealEngine/Engine/Binaries/Linux/../../../Engine/Shaders/ScreenVertexShader.usf" 352
"/home/josh/UnrealEngine/Engine/Binaries/Linux/../../../Engine/Shaders/ScreenPixelShader.usf" 353
"/home/josh/UnrealEngine/Engine/Binaries/Linux/../../../Engine/Shaders/NullPixelShader.usf" 354
"/home/josh/UnrealEngine/Engine/Binaries/Linux/../../../Engine/Shaders/RadixSortShaders.usf" 355
"/home/josh/UnrealEngine/Engine/Binaries/Linux/../../../Engine/Shaders/GpuSkinCacheComputeShader.usf" 356
"../../../../Documents/Unreal Projects/Speed-Unlimited/DerivedDataCache/Boot.ddc" 357
"/home/josh/Documents/Unreal Projects/Speed-Unlimited/Intermediate/Shaders/tmp/0004111C120A10170032037DA3DA0420/0/WorkerOutputOnly.out" 358
"/home/josh/Documents/Unreal Projects/Speed-Unlimited/Intermediate/Shaders/tmp/0004111C120A10170032037DA3DA0420/1/WorkerOutputOnly.out" 359
"/home/josh/Documents/Unreal Projects/Speed-Unlimited/Intermediate/Shaders/tmp/0004111C120A10170032037DA3DA0420/2/WorkerOutputOnly.out" 360
"../../../Engine/Content/EditorResources/S_Actor.uasset" 361
"../../../Engine/Content/EngineDamageTypes/DmgTypeBP_Environmental.uasset" 362
"../../../Engine/Content/Internationalization/icudt53l/numberingSystems.res" 363
"../../../Engine/Content/Internationalization/icudt53l/curr/supplementalData.res" 364
"../../../Engine/Content/Internationalization/icudt53l/curr/pool.res" 365
"../../../Engine/Content/Internationalization/icudt53l/curr/en.res" 366
"../../../Engine/Content/Internationalization/icudt53l/curr/root.res" 367
"../../../Engine/Content/EngineMeshes/Sphere.uasset" 368
"../../../Engine/Content/EngineFonts/RobotoDistanceField.uasset" 369
"../../../Engine/Content/EngineMaterials/DefaultTextMaterialOpaque.uasset" 370
"../../../Engine/Content/Functions/Engine_MaterialFunctions01/Shading/PowerToRoughness.uasset" 371
"../../../Engine/Content/Functions/Engine_MaterialFunctions01/Shading/ConvertFromDiffSpec.uasset" 372
"../../../Engine/Content/EngineMaterials/WorldGridMaterial.uasset" 373
"../../../Engine/Content/Functions/Engine_MaterialFunctions01/Opacity/CameraDepthFade.uasset" 374
"../../../Engine/Content/EngineMaterials/T_Default_Material_Grid_M.uasset" 375
"../../../Engine/Content/EngineMaterials/T_Default_Material_Grid_N.uasset" 376
"../../../Engine/Content/EngineMaterials/DefaultDeferredDecalMaterial.uasset" 377
"../../../Engine/Content/EngineMaterials/DefaultDiffuse.uasset" 378
"../../../Engine/Content/EngineMaterials/DefaultLightFunctionMaterial.uasset" 379
"../../../Engine/Content/EngineMaterials/DefaultPostProcessMaterial.uasset" 380
"../../../Engine/Content/Functions/Engine_MaterialFunctions02/Utility/BreakOutFloat2Components.uasset" 381
